TN:
SF:src/App.tsx
FN:11,(anonymous_0)
FN:12,(anonymous_1)
FN:13,(anonymous_2)
FN:14,(anonymous_3)
FN:15,(anonymous_4)
FN:16,(anonymous_5)
FN:17,(anonymous_6)
FN:18,(anonymous_7)
FN:19,(anonymous_8)
FN:20,(anonymous_9)
FN:21,(anonymous_10)
FN:22,(anonymous_11)
FN:23,(anonymous_12)
FN:24,(anonymous_13)
FN:25,(anonymous_14)
FN:26,(anonymous_15)
FN:27,(anonymous_16)
FN:28,(anonymous_17)
FN:29,(anonymous_18)
FN:30,(anonymous_19)
FN:31,(anonymous_20)
FN:32,(anonymous_21)
FN:33,(anonymous_22)
FN:34,(anonymous_23)
FN:35,(anonymous_24)
FN:36,(anonymous_25)
FN:37,(anonymous_26)
FN:38,(anonymous_27)
FN:39,(anonymous_28)
FN:40,(anonymous_29)
FN:41,(anonymous_30)
FN:42,(anonymous_31)
FN:43,(anonymous_32)
FN:44,(anonymous_33)
FN:45,(anonymous_34)
FN:46,(anonymous_35)
FN:47,(anonymous_36)
FN:48,(anonymous_37)
FN:49,(anonymous_38)
FN:50,(anonymous_39)
FN:51,(anonymous_40)
FN:52,(anonymous_41)
FN:53,(anonymous_42)
FN:54,(anonymous_43)
FN:55,(anonymous_44)
FN:56,(anonymous_45)
FN:57,(anonymous_46)
FN:58,(anonymous_47)
FN:59,(anonymous_48)
FN:60,(anonymous_49)
FN:61,(anonymous_50)
FN:62,(anonymous_51)
FN:63,(anonymous_52)
FN:64,(anonymous_53)
FN:65,(anonymous_54)
FN:66,(anonymous_55)
FN:67,(anonymous_56)
FN:68,(anonymous_57)
FN:69,(anonymous_58)
FN:70,(anonymous_59)
FN:71,(anonymous_60)
FN:72,(anonymous_61)
FN:75,PageLoader
FN:86,RequireAuth
FN:90,(anonymous_64)
FN:106,(anonymous_65)
FN:120,AppRoutes
FN:156,(anonymous_67)
FN:212,App
FNF:69
FNH:0
FNDA:0,(anonymous_0)
FNDA:0,(anonymous_1)
FNDA:0,(anonymous_2)
FNDA:0,(anonymous_3)
FNDA:0,(anonymous_4)
FNDA:0,(anonymous_5)
FNDA:0,(anonymous_6)
FNDA:0,(anonymous_7)
FNDA:0,(anonymous_8)
FNDA:0,(anonymous_9)
FNDA:0,(anonymous_10)
FNDA:0,(anonymous_11)
FNDA:0,(anonymous_12)
FNDA:0,(anonymous_13)
FNDA:0,(anonymous_14)
FNDA:0,(anonymous_15)
FNDA:0,(anonymous_16)
FNDA:0,(anonymous_17)
FNDA:0,(anonymous_18)
FNDA:0,(anonymous_19)
FNDA:0,(anonymous_20)
FNDA:0,(anonymous_21)
FNDA:0,(anonymous_22)
FNDA:0,(anonymous_23)
FNDA:0,(anonymous_24)
FNDA:0,(anonymous_25)
FNDA:0,(anonymous_26)
FNDA:0,(anonymous_27)
FNDA:0,(anonymous_28)
FNDA:0,(anonymous_29)
FNDA:0,(anonymous_30)
FNDA:0,(anonymous_31)
FNDA:0,(anonymous_32)
FNDA:0,(anonymous_33)
FNDA:0,(anonymous_34)
FNDA:0,(anonymous_35)
FNDA:0,(anonymous_36)
FNDA:0,(anonymous_37)
FNDA:0,(anonymous_38)
FNDA:0,(anonymous_39)
FNDA:0,(anonymous_40)
FNDA:0,(anonymous_41)
FNDA:0,(anonymous_42)
FNDA:0,(anonymous_43)
FNDA:0,(anonymous_44)
FNDA:0,(anonymous_45)
FNDA:0,(anonymous_46)
FNDA:0,(anonymous_47)
FNDA:0,(anonymous_48)
FNDA:0,(anonymous_49)
FNDA:0,(anonymous_50)
FNDA:0,(anonymous_51)
FNDA:0,(anonymous_52)
FNDA:0,(anonymous_53)
FNDA:0,(anonymous_54)
FNDA:0,(anonymous_55)
FNDA:0,(anonymous_56)
FNDA:0,(anonymous_57)
FNDA:0,(anonymous_58)
FNDA:0,(anonymous_59)
FNDA:0,(anonymous_60)
FNDA:0,(anonymous_61)
FNDA:0,PageLoader
FNDA:0,RequireAuth
FNDA:0,(anonymous_64)
FNDA:0,(anonymous_65)
FNDA:0,AppRoutes
FNDA:0,(anonymous_67)
FNDA:0,App
DA:11,0
DA:12,0
DA:13,0
DA:14,0
DA:15,0
DA:16,0
DA:17,0
DA:18,0
DA:19,0
DA:20,0
DA:21,0
DA:22,0
DA:23,0
DA:24,0
DA:25,0
DA:26,0
DA:27,0
DA:28,0
DA:29,0
DA:30,0
DA:31,0
DA:32,0
DA:33,0
DA:34,0
DA:35,0
DA:36,0
DA:37,0
DA:38,0
DA:39,0
DA:40,0
DA:41,0
DA:42,0
DA:43,0
DA:44,0
DA:45,0
DA:46,0
DA:47,0
DA:48,0
DA:49,0
DA:50,0
DA:51,0
DA:52,0
DA:53,0
DA:54,0
DA:55,0
DA:56,0
DA:57,0
DA:58,0
DA:59,0
DA:60,0
DA:61,0
DA:62,0
DA:63,0
DA:64,0
DA:65,0
DA:66,0
DA:67,0
DA:68,0
DA:69,0
DA:70,0
DA:71,0
DA:72,0
DA:76,0
DA:87,0
DA:88,0
DA:90,0
DA:92,0
DA:93,0
DA:94,0
DA:95,0
DA:100,0
DA:101,0
DA:103,0
DA:104,0
DA:106,0
DA:107,0
DA:110,0
DA:122,0
DA:131,0
DA:157,0
DA:213,0
LF:81
LH:0
BRDA:92,0,0,0
BRDA:92,0,1,0
BRDA:92,1,0,0
BRDA:92,1,1,0
BRDA:92,1,2,0
BRDA:94,2,0,0
BRDA:94,2,1,0
BRDA:100,3,0,0
BRDA:100,3,1,0
BRDA:100,4,0,0
BRDA:100,4,1,0
BRDA:100,4,2,0
BRDA:103,5,0,0
BRDA:103,5,1,0
BRDA:104,6,0,0
BRDA:104,6,1,0
BRDA:112,7,0,0
BRDA:112,7,1,0
BRF:18
BRH:0
end_of_record
TN:
SF:src/components/AchievementToast.tsx
FN:47,AchievementToast
FN:50,(anonymous_1)
FN:57,ToastItem
FN:62,(anonymous_3)
FN:64,(anonymous_4)
FN:67,(anonymous_5)
FN:69,(anonymous_6)
FN:72,(anonymous_7)
FN:75,(anonymous_8)
FN:91,(anonymous_9)
FN:129,(anonymous_10)
FN:131,(anonymous_11)
FN:158,useAchievementToasts
FN:161,(anonymous_13)
FN:163,(anonymous_14)
FN:167,(anonymous_15)
FN:168,(anonymous_16)
FN:168,(anonymous_17)
FN:171,(anonymous_18)
FN:182,(anonymous_19)
FN:191,(anonymous_20)
FN:206,(anonymous_21)
FNF:22
FNH:0
FNDA:0,AchievementToast
FNDA:0,(anonymous_1)
FNDA:0,ToastItem
FNDA:0,(anonymous_3)
FNDA:0,(anonymous_4)
FNDA:0,(anonymous_5)
FNDA:0,(anonymous_6)
FNDA:0,(anonymous_7)
FNDA:0,(anonymous_8)
FNDA:0,(anonymous_9)
FNDA:0,(anonymous_10)
FNDA:0,(anonymous_11)
FNDA:0,useAchievementToasts
FNDA:0,(anonymous_13)
FNDA:0,(anonymous_14)
FNDA:0,(anonymous_15)
FNDA:0,(anonymous_16)
FNDA:0,(anonymous_17)
FNDA:0,(anonymous_18)
FNDA:0,(anonymous_19)
FNDA:0,(anonymous_20)
FNDA:0,(anonymous_21)
DA:35,0
DA:48,0
DA:51,0
DA:58,0
DA:59,0
DA:60,0
DA:62,0
DA:64,0
DA:67,0
DA:68,0
DA:69,0
DA:72,0
DA:75,0
DA:76,0
DA:77,0
DA:79,0
DA:81,0
DA:83,0
DA:85,0
DA:87,0
DA:91,0
DA:92,0
DA:93,0
DA:95,0
DA:98,0
DA:100,0
DA:130,0
DA:131,0
DA:159,0
DA:161,0
DA:162,0
DA:163,0
DA:164,0
DA:167,0
DA:168,0
DA:171,0
DA:172,0
DA:182,0
DA:183,0
DA:191,0
DA:192,0
DA:198,0
DA:206,0
DA:207,0
DA:215,0
LF:45
LH:0
BRDA:60,0,0,0
BRDA:60,0,1,0
BRDA:76,1,0,0
BRDA:76,1,1,0
BRDA:77,2,0,0
BRDA:77,2,1,0
BRDA:77,2,2,0
BRDA:77,2,3,0
BRDA:77,2,4,0
BRDA:92,3,0,0
BRDA:92,3,1,0
BRDA:92,4,0,0
BRDA:92,4,1,0
BRDA:93,5,0,0
BRDA:93,5,1,0
BRDA:107,6,0,0
BRDA:107,6,1,0
BRDA:107,7,0,0
BRDA:107,7,1,0
BRDA:108,8,0,0
BRDA:108,8,1,0
BRDA:114,9,0,0
BRDA:114,9,1,0
BRDA:114,10,0,0
BRDA:114,10,1,0
BRDA:114,11,0,0
BRDA:114,11,1,0
BRDA:121,12,0,0
BRDA:121,12,1,0
BRDA:201,13,0,0
BRDA:201,13,1,0
BRF:31
BRH:0
end_of_record
TN:
SF:src/components/AvenizeMark.tsx
FN:14,AvenizeMark
FNF:1
FNH:0
FNDA:0,AvenizeMark
DA:15,0
LF:1
LH:0
BRDA:14,0,0,0
BRF:1
BRH:0
end_of_record
TN:
SF:src/components/CookieConsent.tsx
FN:12,CookieConsent
FN:22,(anonymous_1)
FN:27,(anonymous_2)
FN:28,(anonymous_3)
FN:32,(anonymous_4)
FN:48,(anonymous_5)
FN:58,(anonymous_6)
FN:67,(anonymous_7)
FN:91,(anonymous_8)
FN:107,(anonymous_9)
FN:136,(anonymous_10)
FN:136,(anonymous_11)
FN:154,(anonymous_12)
FN:154,(anonymous_13)
FN:172,(anonymous_14)
FN:172,(anonymous_15)
FN:223,(anonymous_16)
FNF:17
FNH:0
FNDA:0,CookieConsent
FNDA:0,(anonymous_1)
FNDA:0,(anonymous_2)
FNDA:0,(anonymous_3)
FNDA:0,(anonymous_4)
FNDA:0,(anonymous_5)
FNDA:0,(anonymous_6)
FNDA:0,(anonymous_7)
FNDA:0,(anonymous_8)
FNDA:0,(anonymous_9)
FNDA:0,(anonymous_10)
FNDA:0,(anonymous_11)
FNDA:0,(anonymous_12)
FNDA:0,(anonymous_13)
FNDA:0,(anonymous_14)
FNDA:0,(anonymous_15)
FNDA:0,(anonymous_16)
DA:13,0
DA:14,0
DA:15,0
DA:22,0
DA:24,0
DA:25,0
DA:27,0
DA:28,0
DA:32,0
DA:33,0
DA:39,0
DA:45,0
DA:48,0
DA:49,0
DA:55,0
DA:58,0
DA:59,0
DA:63,0
DA:64,0
DA:67,0
DA:68,0
DA:73,0
DA:75,0
DA:77,0
DA:79,0
DA:83,0
DA:85,0
DA:91,0
DA:107,0
DA:136,0
DA:154,0
DA:172,0
DA:223,0
LF:33
LH:0
BRDA:25,0,0,0
BRDA:25,0,1,0
BRDA:73,1,0,0
BRDA:73,1,1,0
BRDA:77,2,0,0
BRDA:77,2,1,0
BRDA:83,3,0,0
BRDA:83,3,1,0
BRDA:88,4,0,0
BRDA:88,4,1,0
BRDA:96,5,0,0
BRDA:96,5,1,0
BRDA:98,6,0,0
BRDA:98,6,1,0
BRDA:138,7,0,0
BRDA:138,7,1,0
BRDA:142,8,0,0
BRDA:142,8,1,0
BRDA:156,9,0,0
BRDA:156,9,1,0
BRDA:160,10,0,0
BRDA:160,10,1,0
BRDA:174,11,0,0
BRDA:174,11,1,0
BRDA:178,12,0,0
BRDA:178,12,1,0
BRF:26
BRH:0
end_of_record
TN:
SF:src/components/EmptyState.tsx
FN:18,EmptyState
FNF:1
FNH:0
FNDA:0,EmptyState
DA:25,0
LF:1
LH:0
BRDA:27,0,0,0
BRDA:27,0,1,0
BRDA:41,1,0,0
BRDA:41,1,1,0
BRDA:46,2,0,0
BRDA:46,2,1,0
BRDA:55,3,0,0
BRDA:55,3,1,0
BRF:8
BRH:0
end_of_record
TN:
SF:src/components/EmptyStates.tsx
FN:27,EmptyState
FN:40,(anonymous_1)
FN:77,EmptyInvoices
FN:93,EmptyExpenses
FN:109,EmptyClients
FN:125,EmptyLeads
FN:141,EmptyTasks
FN:157,EmptyStaff
FN:173,EmptyInventory
FN:189,EmptyMeetings
FN:205,EmptyPurchases
FN:221,EmptyLeave
FN:237,EmptyReports
FN:252,EmptyProjects
FN:268,EmptyDocuments
FN:284,EmptySearch
FN:294,EmptyApprovals
FN:309,EmptyNotifications
FN:328,ErrorState
FN:355,LoadingState
FNF:20
FNH:0
FNDA:0,EmptyState
FNDA:0,(anonymous_1)
FNDA:0,EmptyInvoices
FNDA:0,EmptyExpenses
FNDA:0,EmptyClients
FNDA:0,EmptyLeads
FNDA:0,EmptyTasks
FNDA:0,EmptyStaff
FNDA:0,EmptyInventory
FNDA:0,EmptyMeetings
FNDA:0,EmptyPurchases
FNDA:0,EmptyLeave
FNDA:0,EmptyReports
FNDA:0,EmptyProjects
FNDA:0,EmptyDocuments
FNDA:0,EmptySearch
FNDA:0,EmptyApprovals
FNDA:0,EmptyNotifications
FNDA:0,ErrorState
FNDA:0,LoadingState
DA:28,0
DA:41,0
DA:78,0
DA:94,0
DA:110,0
DA:126,0
DA:142,0
DA:158,0
DA:174,0
DA:190,0
DA:206,0
DA:222,0
DA:238,0
DA:253,0
DA:269,0
DA:285,0
DA:295,0
DA:310,0
DA:335,0
DA:356,0
LF:20
LH:0
BRDA:31,0,0,0
BRDA:31,0,1,0
BRDA:36,1,0,0
BRDA:36,1,1,0
BRDA:36,1,2,0
BRDA:50,2,0,0
BRDA:50,2,1,0
BRDA:51,3,0,0
BRDA:51,3,1,0
BRDA:329,4,0,0
BRDA:342,5,0,0
BRDA:342,5,1,0
BRF:12
BRH:0
end_of_record
TN:
SF:src/components/ErrorBoundary.tsx
FN:15,constructor
FN:20,getDerivedStateFromError
FN:24,componentDidCatch
FN:28,(anonymous_3)
FN:32,render
FN:57,(anonymous_5)
FNF:6
FNH:0
FNDA:0,constructor
FNDA:0,getDerivedStateFromError
FNDA:0,componentDidCatch
FNDA:0,(anonymous_3)
FNDA:0,render
FNDA:0,(anonymous_5)
DA:16,0
DA:17,0
DA:21,0
DA:25,0
DA:28,0
DA:29,0
DA:33,0
DA:34,0
DA:35,0
DA:38,0
DA:57,0
DA:75,0
LF:12
LH:0
BRDA:33,0,0,0
BRDA:33,0,1,0
BRDA:34,1,0,0
BRDA:34,1,1,0
BRDA:63,2,0,0
BRDA:63,2,1,0
BRDA:63,2,2,0
BRDA:63,2,3,0
BRF:8
BRH:0
end_of_record
TN:
SF:src/components/FeatureSuggestions.tsx
FN:16,FeatureSuggestions
FN:21,(anonymous_1)
FN:32,(anonymous_2)
FN:35,(anonymous_3)
FN:55,(anonymous_4)
FNF:5
FNH:0
FNDA:0,FeatureSuggestions
FNDA:0,(anonymous_1)
FNDA:0,(anonymous_2)
FNDA:0,(anonymous_3)
FNDA:0,(anonymous_4)
DA:17,0
DA:18,0
DA:21,0
DA:23,0
DA:25,0
DA:33,0
DA:35,0
DA:55,0
DA:56,0
DA:194,0
LF:10
LH:0
BRDA:16,0,0,0
BRDA:16,1,0,0
BRDA:23,2,0,0
BRDA:23,2,1,0
BRDA:194,3,0,0
BRDA:194,3,1,0
BRF:6
BRH:0
end_of_record
TN:
SF:src/components/InvoicePreview.tsx
FN:12,InvoicePreview
FN:16,(anonymous_1)
FN:115,(anonymous_2)
FNF:3
FNH:0
FNDA:0,InvoicePreview
FNDA:0,(anonymous_1)
FNDA:0,(anonymous_2)
DA:13,0
DA:14,0
DA:16,0
DA:17,0
DA:20,0
DA:29,0
DA:116,0
LF:7
LH:0
BRDA:14,0,0,0
BRDA:14,0,1,0
BRDA:73,1,0,0
BRDA:73,1,1,0
BRDA:76,2,0,0
BRDA:76,2,1,0
BRDA:80,3,0,0
BRDA:80,3,1,0
BRDA:81,4,0,0
BRDA:81,4,1,0
BRDA:89,5,0,0
BRDA:89,5,1,0
BRDA:90,6,0,0
BRDA:90,6,1,0
BRDA:91,7,0,0
BRDA:91,7,1,0
BRDA:136,8,0,0
BRDA:136,8,1,0
BRDA:146,9,0,0
BRDA:146,9,1,0
BRDA:161,10,0,0
BRDA:161,10,1,0
BRDA:170,11,0,0
BRDA:170,11,1,0
BRF:24
BRH:0
end_of_record
TN:
SF:src/components/LoadingSkeleton.tsx
FN:1,LoadingSkeleton
FN:2,(anonymous_1)
FN:28,(anonymous_2)
FN:52,(anonymous_3)
FN:63,(anonymous_4)
FN:82,(anonymous_5)
FNF:6
FNH:0
FNDA:0,LoadingSkeleton
FNDA:0,(anonymous_1)
FNDA:0,(anonymous_2)
FNDA:0,(anonymous_3)
FNDA:0,(anonymous_4)
FNDA:0,(anonymous_5)
DA:2,0
DA:3,0
DA:29,0
DA:53,0
DA:64,0
DA:80,0
DA:83,0
LF:7
LH:0
BRDA:1,0,0,0
BRDA:1,1,0,0
BRDA:4,2,0,0
BRDA:4,2,1,0
BRDA:19,3,0,0
BRDA:19,3,1,0
BRDA:42,4,0,0
BRDA:42,4,1,0
BRDA:61,5,0,0
BRDA:61,5,1,0
BRF:10
BRH:0
end_of_record
TN:
SF:src/components/NotificationBell.tsx
FN:4,NotificationBell
FNF:1
FNH:0
FNDA:0,NotificationBell
DA:5,0
LF:1
LH:0
BRF:0
BRH:0
end_of_record
TN:
SF:src/components/OnboardingTour.tsx
FN:68,OnboardingTour
FN:83,(anonymous_1)
FN:89,(anonymous_2)
FN:90,(anonymous_3)
FN:95,(anonymous_4)
FN:98,(anonymous_5)
FN:99,(anonymous_6)
FN:104,(anonymous_7)
FN:113,(anonymous_8)
FN:137,(anonymous_9)
FN:181,(anonymous_10)
FN:235,FeatureTip
FN:246,(anonymous_12)
FN:246,(anonymous_13)
FNF:14
FNH:0
FNDA:0,OnboardingTour
FNDA:0,(anonymous_1)
FNDA:0,(anonymous_2)
FNDA:0,(anonymous_3)
FNDA:0,(anonymous_4)
FNDA:0,(anonymous_5)
FNDA:0,(anonymous_6)
FNDA:0,(anonymous_7)
FNDA:0,(anonymous_8)
FNDA:0,(anonymous_9)
FNDA:0,(anonymous_10)
FNDA:0,FeatureTip
FNDA:0,(anonymous_12)
FNDA:0,(anonymous_13)
DA:14,0
DA:75,0
DA:76,0
DA:77,0
DA:79,0
DA:80,0
DA:81,0
DA:83,0
DA:84,0
DA:85,0
DA:86,0
DA:88,0
DA:89,0
DA:90,0
DA:91,0
DA:95,0
DA:96,0
DA:97,0
DA:98,0
DA:99,0
DA:100,0
DA:104,0
DA:105,0
DA:106,0
DA:107,0
DA:108,0
DA:109,0
DA:113,0
DA:114,0
DA:115,0
DA:119,0
DA:121,0
DA:138,0
DA:182,0
DA:236,0
DA:238,0
DA:245,0
DA:246,0
LF:38
LH:0
BRDA:72,0,0,0
BRDA:73,1,0,0
BRDA:84,2,0,0
BRDA:84,2,1,0
BRDA:96,3,0,0
BRDA:96,3,1,0
BRDA:105,4,0,0
BRDA:105,4,1,0
BRDA:107,5,0,0
BRDA:107,5,1,0
BRDA:114,6,0,0
BRDA:114,6,1,0
BRDA:119,7,0,0
BRDA:119,7,1,0
BRDA:131,8,0,0
BRDA:131,8,1,0
BRDA:185,9,0,0
BRDA:185,9,1,0
BRDA:187,10,0,0
BRDA:187,10,1,0
BRDA:197,11,0,0
BRDA:197,11,1,0
BRDA:207,12,0,0
BRDA:207,12,1,0
BRDA:208,13,0,0
BRDA:208,13,1,0
BRDA:210,14,0,0
BRDA:210,14,1,0
BRDA:210,15,0,0
BRDA:210,15,1,0
BRDA:211,16,0,0
BRDA:211,16,1,0
BRDA:235,17,0,0
BRDA:248,18,0,0
BRDA:248,18,1,0
BRDA:253,19,0,0
BRDA:253,19,1,0
BRDA:254,20,0,0
BRDA:254,20,1,0
BRDA:255,21,0,0
BRDA:255,21,1,0
BRF:41
BRH:0
end_of_record
TN:
SF:src/components/OnboardingWizard.tsx
FN:36,OnboardingWizard
FN:48,(anonymous_1)
FN:53,(anonymous_2)
FN:57,(anonymous_3)
FN:61,(anonymous_4)
FN:63,(anonymous_5)
FN:67,(anonymous_6)
FN:104,(anonymous_7)
FN:119,(anonymous_8)
FN:153,(anonymous_9)
FN:162,(anonymous_10)
FN:166,(anonymous_11)
FN:181,(anonymous_12)
FN:191,(anonymous_13)
FN:214,(anonymous_14)
FNF:15
FNH:0
FNDA:0,OnboardingWizard
FNDA:0,(anonymous_1)
FNDA:0,(anonymous_2)
FNDA:0,(anonymous_3)
FNDA:0,(anonymous_4)
FNDA:0,(anonymous_5)
FNDA:0,(anonymous_6)
FNDA:0,(anonymous_7)
FNDA:0,(anonymous_8)
FNDA:0,(anonymous_9)
FNDA:0,(anonymous_10)
FNDA:0,(anonymous_11)
FNDA:0,(anonymous_12)
FNDA:0,(anonymous_13)
FNDA:0,(anonymous_14)
DA:9,0
DA:37,0
DA:38,0
DA:39,0
DA:40,0
DA:41,0
DA:42,0
DA:43,0
DA:44,0
DA:46,0
DA:48,0
DA:49,0
DA:51,0
DA:52,0
DA:53,0
DA:54,0
DA:55,0
DA:57,0
DA:61,0
DA:62,0
DA:63,0
DA:67,0
DA:68,0
DA:69,0
DA:72,0
DA:84,0
DA:105,0
DA:120,0
DA:153,0
DA:162,0
DA:167,0
DA:181,0
DA:191,0
DA:214,0
LF:34
LH:0
BRDA:41,0,0,0
BRDA:41,0,1,0
BRDA:49,1,0,0
BRDA:49,1,1,0
BRDA:62,2,0,0
BRDA:62,2,1,0
BRDA:108,3,0,0
BRDA:108,3,1,0
BRDA:123,4,0,0
BRDA:123,4,1,0
BRDA:127,5,0,0
BRDA:127,5,1,0
BRDA:128,6,0,0
BRDA:128,6,1,0
BRDA:131,7,0,0
BRDA:131,7,1,0
BRDA:146,8,0,0
BRDA:146,8,1,0
BRDA:174,9,0,0
BRDA:174,9,1,0
BRDA:199,10,0,0
BRDA:199,10,1,0
BRDA:228,11,0,0
BRDA:228,11,1,0
BRDA:253,12,0,0
BRDA:253,12,1,0
BRDA:267,13,0,0
BRDA:267,13,1,0
BRDA:267,14,0,0
BRDA:267,14,1,0
BRDA:268,15,0,0
BRDA:268,15,1,0
BRDA:268,16,0,0
BRDA:268,16,1,0
BRF:34
BRH:0
end_of_record
TN:
SF:src/components/PasswordStrength.tsx
FN:9,PasswordStrength
FN:10,(anonymous_1)
FN:97,(anonymous_2)
FNF:3
FNH:0
FNDA:0,PasswordStrength
FNDA:0,(anonymous_1)
FNDA:0,(anonymous_2)
DA:10,0
DA:11,0
DA:19,0
DA:25,0
DA:26,0
DA:27,0
DA:28,0
DA:29,0
DA:30,0
DA:31,0
DA:32,0
DA:33,0
DA:34,0
DA:35,0
DA:36,0
DA:37,0
DA:38,0
DA:39,0
DA:40,0
DA:42,0
DA:43,0
DA:44,0
DA:47,0
DA:50,0
DA:51,0
DA:54,0
DA:62,0
DA:70,0
DA:78,0
DA:98,0
LF:30
LH:0
BRDA:9,0,0,0
BRDA:25,1,0,0
BRDA:25,1,1,0
BRDA:29,2,0,0
BRDA:29,2,1,0
BRDA:33,3,0,0
BRDA:33,3,1,0
BRDA:37,4,0,0
BRDA:37,4,1,0
BRDA:50,5,0,0
BRDA:50,5,1,0
BRDA:50,6,0,0
BRDA:50,6,1,0
BRDA:88,7,0,0
BRDA:88,7,1,0
BRDA:99,8,0,0
BRDA:99,8,1,0
BRDA:104,9,0,0
BRDA:104,9,1,0
BRF:19
BRH:0
end_of_record
TN:
SF:src/components/SarahChat.tsx
FN:30,findFeatureSuggestions
FN:36,(anonymous_1)
FN:99,generateId
FN:103,getTime
FN:107,generateResponse
FN:185,SarahChat
FN:200,(anonymous_6)
FN:204,(anonymous_7)
FN:214,(anonymous_8)
FN:218,(anonymous_9)
FN:227,(anonymous_10)
FN:232,(anonymous_11)
FN:237,(anonymous_12)
FN:246,(anonymous_13)
FN:269,(anonymous_14)
FN:282,(anonymous_15)
FN:311,(anonymous_16)
FN:314,(anonymous_17)
FN:356,(anonymous_18)
FN:362,(anonymous_19)
FN:368,(anonymous_20)
FN:374,(anonymous_21)
FN:387,(anonymous_22)
FN:388,(anonymous_23)
FNF:24
FNH:0
FNDA:0,findFeatureSuggestions
FNDA:0,(anonymous_1)
FNDA:0,generateId
FNDA:0,getTime
FNDA:0,generateResponse
FNDA:0,SarahChat
FNDA:0,(anonymous_6)
FNDA:0,(anonymous_7)
FNDA:0,(anonymous_8)
FNDA:0,(anonymous_9)
FNDA:0,(anonymous_10)
FNDA:0,(anonymous_11)
FNDA:0,(anonymous_12)
FNDA:0,(anonymous_13)
FNDA:0,(anonymous_14)
FNDA:0,(anonymous_15)
FNDA:0,(anonymous_16)
FNDA:0,(anonymous_17)
FNDA:0,(anonymous_18)
FNDA:0,(anonymous_19)
FNDA:0,(anonymous_20)
FNDA:0,(anonymous_21)
FNDA:0,(anonymous_22)
FNDA:0,(anonymous_23)
DA:6,0
DA:31,0
DA:32,0
DA:34,0
DA:35,0
DA:36,0
DA:37,0
DA:38,0
DA:43,0
DA:46,0
DA:82,0
DA:100,0
DA:104,0
DA:108,0
DA:110,0
DA:111,0
DA:114,0
DA:115,0
DA:118,0
DA:119,0
DA:121,0
DA:122,0
DA:124,0
DA:125,0
DA:127,0
DA:128,0
DA:130,0
DA:131,0
DA:133,0
DA:134,0
DA:136,0
DA:137,0
DA:139,0
DA:140,0
DA:142,0
DA:143,0
DA:146,0
DA:147,0
DA:148,0
DA:150,0
DA:151,0
DA:153,0
DA:156,0
DA:157,0
DA:160,0
DA:161,0
DA:164,0
DA:165,0
DA:168,0
DA:169,0
DA:172,0
DA:173,0
DA:177,0
DA:178,0
DA:179,0
DA:182,0
DA:186,0
DA:187,0
DA:188,0
DA:196,0
DA:197,0
DA:198,0
DA:200,0
DA:201,0
DA:204,0
DA:205,0
DA:207,0
DA:214,0
DA:215,0
DA:216,0
DA:218,0
DA:219,0
DA:220,0
DA:227,0
DA:228,0
DA:232,0
DA:233,0
DA:234,0
DA:237,0
DA:238,0
DA:239,0
DA:242,0
DA:246,0
DA:269,0
DA:283,0
DA:312,0
DA:314,0
DA:356,0
DA:362,0
DA:368,0
DA:374,0
DA:387,0
DA:388,0
LF:93
LH:0
BRDA:36,0,0,0
BRDA:36,0,1,0
BRDA:36,1,0,0
BRDA:36,1,1,0
BRDA:110,2,0,0
BRDA:110,2,1,0
BRDA:114,3,0,0
BRDA:114,3,1,0
BRDA:118,4,0,0
BRDA:118,4,1,0
BRDA:121,5,0,0
BRDA:121,5,1,0
BRDA:124,6,0,0
BRDA:124,6,1,0
BRDA:127,7,0,0
BRDA:127,7,1,0
BRDA:130,8,0,0
BRDA:130,8,1,0
BRDA:133,9,0,0
BRDA:133,9,1,0
BRDA:136,10,0,0
BRDA:136,10,1,0
BRDA:139,11,0,0
BRDA:139,11,1,0
BRDA:142,12,0,0
BRDA:142,12,1,0
BRDA:146,13,0,0
BRDA:146,13,1,0
BRDA:147,14,0,0
BRDA:147,14,1,0
BRDA:150,15,0,0
BRDA:150,15,1,0
BRDA:156,16,0,0
BRDA:156,16,1,0
BRDA:160,17,0,0
BRDA:160,17,1,0
BRDA:164,18,0,0
BRDA:164,18,1,0
BRDA:168,19,0,0
BRDA:168,19,1,0
BRDA:172,20,0,0
BRDA:172,20,1,0
BRDA:178,21,0,0
BRDA:178,21,1,0
BRDA:205,22,0,0
BRDA:205,22,1,0
BRDA:244,23,0,0
BRDA:244,23,1,0
BRDA:256,24,0,0
BRDA:256,24,1,0
BRDA:285,25,0,0
BRDA:285,25,1,0
BRDA:287,26,0,0
BRDA:287,26,1,0
BRDA:289,27,0,0
BRDA:289,27,1,0
BRDA:293,28,0,0
BRDA:293,28,1,0
BRDA:297,29,0,0
BRDA:297,29,1,0
BRDA:305,30,0,0
BRDA:305,30,1,0
BRDA:305,30,2,0
BRDA:305,30,3,0
BRDA:327,31,0,0
BRDA:327,31,1,0
BRDA:334,32,0,0
BRDA:334,32,1,0
BRDA:388,33,0,0
BRDA:388,33,1,0
BRF:70
BRH:0
end_of_record
TN:
SF:src/components/Shell.tsx
FN:40,Shell
FN:67,(anonymous_1)
FN:74,(anonymous_2)
FN:140,(anonymous_3)
FN:147,(anonymous_4)
FNF:5
FNH:0
FNDA:0,Shell
FNDA:0,(anonymous_1)
FNDA:0,(anonymous_2)
FNDA:0,(anonymous_3)
FNDA:0,(anonymous_4)
DA:8,0
DA:33,0
DA:41,0
DA:42,0
DA:43,0
DA:44,0
DA:46,0
DA:68,0
DA:69,0
DA:75,0
DA:141,0
DA:142,0
DA:148,0
LF:13
LH:0
BRDA:43,0,0,0
BRDA:43,0,1,0
BRDA:43,0,2,0
BRDA:44,1,0,0
BRDA:44,1,1,0
BRDA:44,2,0,0
BRDA:44,2,1,0
BRDA:53,3,0,0
BRDA:53,3,1,0
BRDA:76,4,0,0
BRDA:76,4,1,0
BRDA:101,5,0,0
BRDA:101,5,1,0
BRDA:101,5,2,0
BRDA:102,6,0,0
BRDA:102,6,1,0
BRDA:112,7,0,0
BRDA:112,7,1,0
BRDA:113,8,0,0
BRDA:113,8,1,0
BRDA:149,9,0,0
BRDA:149,9,1,0
BRDA:157,10,0,0
BRDA:157,10,1,0
BRDA:158,11,0,0
BRDA:158,11,1,0
BRDA:159,12,0,0
BRDA:159,12,1,0
BRF:28
BRH:0
end_of_record
TN:
SF:src/components/Skeleton.tsx
FN:1,Skeleton
FN:5,CardSkeleton
FN:14,ListSkeleton
FN:17,(anonymous_3)
FNF:4
FNH:0
FNDA:0,Skeleton
FNDA:0,CardSkeleton
FNDA:0,ListSkeleton
FNDA:0,(anonymous_3)
DA:2,0
DA:6,0
DA:15,0
DA:18,0
LF:4
LH:0
BRDA:1,0,0,0
BRDA:14,1,0,0
BRF:2
BRH:0
end_of_record
TN:
SF:src/components/Toast.tsx
FN:22,useToast
FN:30,ToastProvider
FN:33,(anonymous_2)
FN:35,(anonymous_3)
FN:36,(anonymous_4)
FN:37,(anonymous_5)
FN:37,(anonymous_6)
FN:41,(anonymous_7)
FN:42,(anonymous_8)
FN:42,(anonymous_9)
FN:45,(anonymous_10)
FN:49,(anonymous_11)
FN:59,(anonymous_12)
FN:63,(anonymous_13)
FN:67,(anonymous_14)
FN:75,(anonymous_15)
FN:89,(anonymous_16)
FNF:17
FNH:0
FNDA:0,useToast
FNDA:0,ToastProvider
FNDA:0,(anonymous_2)
FNDA:0,(anonymous_3)
FNDA:0,(anonymous_4)
FNDA:0,(anonymous_5)
FNDA:0,(anonymous_6)
FNDA:0,(anonymous_7)
FNDA:0,(anonymous_8)
FNDA:0,(anonymous_9)
FNDA:0,(anonymous_10)
FNDA:0,(anonymous_11)
FNDA:0,(anonymous_12)
FNDA:0,(anonymous_13)
FNDA:0,(anonymous_14)
FNDA:0,(anonymous_15)
FNDA:0,(anonymous_16)
DA:20,0
DA:23,0
DA:24,0
DA:25,0
DA:27,0
DA:31,0
DA:33,0
DA:34,0
DA:35,0
DA:36,0
DA:37,0
DA:41,0
DA:42,0
DA:45,0
DA:46,0
DA:49,0
DA:51,0
DA:52,0
DA:53,0
DA:55,0
DA:59,0
DA:60,0
DA:63,0
DA:64,0
DA:67,0
DA:68,0
DA:71,0
DA:76,0
DA:89,0
LF:29
LH:0
BRDA:24,0,0,0
BRDA:24,0,1,0
BRDA:49,1,0,0
BRDA:52,2,0,0
BRDA:52,2,1,0
BRDA:79,3,0,0
BRDA:79,3,1,0
BRDA:80,4,0,0
BRDA:80,4,1,0
BRDA:84,5,0,0
BRDA:84,5,1,0
BRDA:85,6,0,0
BRDA:85,6,1,0
BRDA:86,7,0,0
BRDA:86,7,1,0
BRF:15
BRH:0
end_of_record
TN:
SF:src/components/TrialBanner.tsx
FN:7,TrialBanner
FN:11,(anonymous_1)
FN:24,(anonymous_2)
FNF:3
FNH:0
FNDA:0,TrialBanner
FNDA:0,(anonymous_1)
FNDA:0,(anonymous_2)
DA:5,0
DA:8,0
DA:9,0
DA:11,0
DA:12,0
DA:13,0
DA:14,0
DA:15,0
DA:17,0
DA:18,0
DA:19,0
DA:20,0
DA:24,0
DA:26,0
DA:28,0
LF:15
LH:0
BRDA:13,0,0,0
BRDA:13,0,1,0
BRDA:26,1,0,0
BRDA:26,1,1,0
BRF:4
BRH:0
end_of_record
TN:
SF:src/components/VideoCall.tsx
FN:25,VideoCall
FN:43,(anonymous_1)
FN:68,(anonymous_2)
FN:69,(anonymous_3)
FN:83,(anonymous_4)
FN:89,(anonymous_5)
FN:93,(anonymous_6)
FN:97,(anonymous_7)
FN:101,(anonymous_8)
FN:105,(anonymous_9)
FN:108,(anonymous_10)
FN:121,(anonymous_11)
FN:140,(anonymous_12)
FN:155,(anonymous_13)
FN:163,(anonymous_14)
FN:171,(anonymous_15)
FN:180,(anonymous_16)
FN:185,(anonymous_17)
FN:187,(anonymous_18)
FN:187,(anonymous_19)
FN:195,(anonymous_20)
FN:207,(anonymous_21)
FN:216,(anonymous_22)
FN:222,(anonymous_23)
FN:222,(anonymous_24)
FN:226,(anonymous_25)
FN:237,(anonymous_26)
FN:248,(anonymous_27)
FN:252,(anonymous_28)
FN:254,(anonymous_29)
FN:268,(anonymous_30)
FN:279,(anonymous_31)
FN:288,(anonymous_32)
FN:291,(anonymous_33)
FN:293,(anonymous_34)
FN:294,(anonymous_35)
FN:365,(anonymous_36)
FN:365,(anonymous_37)
FN:412,VideoParticipant
FN:415,(anonymous_39)
FNF:40
FNH:0
FNDA:0,VideoCall
FNDA:0,(anonymous_1)
FNDA:0,(anonymous_2)
FNDA:0,(anonymous_3)
FNDA:0,(anonymous_4)
FNDA:0,(anonymous_5)
FNDA:0,(anonymous_6)
FNDA:0,(anonymous_7)
FNDA:0,(anonymous_8)
FNDA:0,(anonymous_9)
FNDA:0,(anonymous_10)
FNDA:0,(anonymous_11)
FNDA:0,(anonymous_12)
FNDA:0,(anonymous_13)
FNDA:0,(anonymous_14)
FNDA:0,(anonymous_15)
FNDA:0,(anonymous_16)
FNDA:0,(anonymous_17)
FNDA:0,(anonymous_18)
FNDA:0,(anonymous_19)
FNDA:0,(anonymous_20)
FNDA:0,(anonymous_21)
FNDA:0,(anonymous_22)
FNDA:0,(anonymous_23)
FNDA:0,(anonymous_24)
FNDA:0,(anonymous_25)
FNDA:0,(anonymous_26)
FNDA:0,(anonymous_27)
FNDA:0,(anonymous_28)
FNDA:0,(anonymous_29)
FNDA:0,(anonymous_30)
FNDA:0,(anonymous_31)
FNDA:0,(anonymous_32)
FNDA:0,(anonymous_33)
FNDA:0,(anonymous_34)
FNDA:0,(anonymous_35)
FNDA:0,(anonymous_36)
FNDA:0,(anonymous_37)
FNDA:0,VideoParticipant
FNDA:0,(anonymous_39)
DA:26,0
DA:27,0
DA:29,0
DA:30,0
DA:31,0
DA:32,0
DA:33,0
DA:34,0
DA:35,0
DA:37,0
DA:38,0
DA:39,0
DA:40,0
DA:43,0
DA:44,0
DA:45,0
DA:50,0
DA:52,0
DA:53,0
DA:57,0
DA:65,0
DA:68,0
DA:69,0
DA:73,0
DA:76,0
DA:77,0
DA:78,0
DA:83,0
DA:84,0
DA:86,0
DA:88,0
DA:90,0
DA:91,0
DA:94,0
DA:95,0
DA:98,0
DA:99,0
DA:102,0
DA:103,0
DA:106,0
DA:109,0
DA:111,0
DA:121,0
DA:122,0
DA:124,0
DA:125,0
DA:127,0
DA:128,0
DA:140,0
DA:141,0
DA:142,0
DA:143,0
DA:144,0
DA:146,0
DA:147,0
DA:155,0
DA:156,0
DA:157,0
DA:158,0
DA:163,0
DA:164,0
DA:165,0
DA:166,0
DA:171,0
DA:172,0
DA:173,0
DA:175,0
DA:180,0
DA:181,0
DA:185,0
DA:186,0
DA:187,0
DA:188,0
DA:195,0
DA:196,0
DA:197,0
DA:198,0
DA:207,0
DA:208,0
DA:211,0
DA:212,0
DA:216,0
DA:217,0
DA:218,0
DA:219,0
DA:220,0
DA:222,0
DA:226,0
DA:227,0
DA:228,0
DA:229,0
DA:230,0
DA:231,0
DA:237,0
DA:238,0
DA:239,0
DA:240,0
DA:241,0
DA:242,0
DA:248,0
DA:250,0
DA:252,0
DA:254,0
DA:255,0
DA:258,0
DA:264,0
DA:268,0
DA:269,0
DA:270,0
DA:271,0
DA:273,0
DA:274,0
DA:279,0
DA:280,0
DA:281,0
DA:282,0
DA:283,0
DA:284,0
DA:288,0
DA:289,0
DA:291,0
DA:292,0
DA:293,0
DA:294,0
DA:298,0
DA:299,0
DA:316,0
DA:365,0
DA:366,0
DA:413,0
DA:415,0
DA:416,0
DA:417,0
DA:421,0
LF:134
LH:0
BRDA:52,0,0,0
BRDA:52,0,1,0
BRDA:58,1,0,0
BRDA:58,1,1,0
BRDA:59,2,0,0
BRDA:59,2,1,0
BRDA:84,3,0,0
BRDA:84,3,1,0
BRDA:90,4,0,0
BRDA:90,4,1,0
BRDA:94,5,0,0
BRDA:94,5,1,0
BRDA:98,6,0,0
BRDA:98,6,1,0
BRDA:102,7,0,0
BRDA:102,7,1,0
BRDA:109,8,0,0
BRDA:109,8,1,0
BRDA:157,9,0,0
BRDA:157,9,1,0
BRDA:165,10,0,0
BRDA:165,10,1,0
BRDA:173,11,0,0
BRDA:173,11,1,0
BRDA:188,12,0,0
BRDA:188,12,1,0
BRDA:196,13,0,0
BRDA:196,13,1,0
BRDA:218,14,0,0
BRDA:218,14,1,0
BRDA:227,15,0,0
BRDA:227,15,1,0
BRDA:229,16,0,0
BRDA:229,16,1,0
BRDA:238,17,0,0
BRDA:238,17,1,0
BRDA:240,18,0,0
BRDA:240,18,1,0
BRDA:250,19,0,0
BRDA:250,19,1,0
BRDA:269,20,0,0
BRDA:269,20,1,0
BRDA:283,21,0,0
BRDA:283,21,1,0
BRDA:292,22,0,0
BRDA:292,22,1,0
BRDA:298,23,0,0
BRDA:298,23,1,0
BRDA:328,24,0,0
BRDA:328,24,1,0
BRDA:335,25,0,0
BRDA:335,25,1,0
BRDA:337,26,0,0
BRDA:337,26,1,0
BRDA:339,27,0,0
BRDA:339,27,1,0
BRDA:350,28,0,0
BRDA:350,28,1,0
BRDA:352,29,0,0
BRDA:352,29,1,0
BRDA:355,30,0,0
BRDA:355,30,1,0
BRDA:360,31,0,0
BRDA:360,31,1,0
BRDA:377,32,0,0
BRDA:377,32,1,0
BRDA:380,33,0,0
BRDA:380,33,1,0
BRDA:386,34,0,0
BRDA:386,34,1,0
BRDA:389,35,0,0
BRDA:389,35,1,0
BRDA:403,36,0,0
BRDA:403,36,1,0
BRDA:416,37,0,0
BRDA:416,37,1,0
BRDA:416,38,0,0
BRDA:416,38,1,0
BRDA:423,39,0,0
BRDA:423,39,1,0
BRDA:423,40,0,0
BRDA:423,40,1,0
BRDA:438,41,0,0
BRDA:438,41,1,0
BRF:84
BRH:0
end_of_record
TN:
SF:src/lib/AuthContext.tsx
FN:37,hasPermission
FN:68,AuthProvider
FN:75,(anonymous_2)
FN:102,(anonymous_3)
FN:107,(anonymous_4)
FN:111,(anonymous_5)
FN:114,(anonymous_6)
FN:146,(anonymous_7)
FN:151,(anonymous_8)
FN:180,useAuth
FNF:10
FNH:0
FNDA:0,hasPermission
FNDA:0,AuthProvider
FNDA:0,(anonymous_2)
FNDA:0,(anonymous_3)
FNDA:0,(anonymous_4)
FNDA:0,(anonymous_5)
FNDA:0,(anonymous_6)
FNDA:0,(anonymous_7)
FNDA:0,(anonymous_8)
FNDA:0,useAuth
DA:28,0
DA:38,0
DA:39,0
DA:43,0
DA:66,0
DA:69,0
DA:70,0
DA:71,0
DA:72,0
DA:73,0
DA:75,0
DA:77,0
DA:78,0
DA:80,0
DA:81,0
DA:82,0
DA:83,0
DA:84,0
DA:94,0
DA:95,0
DA:96,0
DA:98,0
DA:102,0
DA:103,0
DA:104,0
DA:107,0
DA:108,0
DA:111,0
DA:114,0
DA:115,0
DA:116,0
DA:117,0
DA:118,0
DA:122,0
DA:123,0
DA:124,0
DA:127,0
DA:128,0
DA:134,0
DA:135,0
DA:137,0
DA:140,0
DA:141,0
DA:143,0
DA:146,0
DA:147,0
DA:148,0
DA:151,0
DA:152,0
DA:155,0
DA:156,0
DA:157,0
DA:158,0
DA:159,0
DA:161,0
DA:181,0
DA:182,0
DA:183,0
LF:58
LH:0
BRDA:39,0,0,0
BRDA:39,0,1,0
BRDA:80,1,0,0
BRDA:80,1,1,0
BRDA:80,2,0,0
BRDA:80,2,1,0
BRDA:115,3,0,0
BRDA:115,3,1,0
BRDA:122,4,0,0
BRDA:122,4,1,0
BRDA:134,5,0,0
BRDA:134,5,1,0
BRDA:155,6,0,0
BRDA:155,6,1,0
BRDA:156,7,0,0
BRDA:156,7,1,0
BRDA:157,8,0,0
BRDA:157,8,1,0
BRDA:158,9,0,0
BRDA:158,9,1,0
BRDA:159,10,0,0
BRDA:159,10,1,0
BRDA:182,11,0,0
BRDA:182,11,1,0
BRF:24
BRH:0
end_of_record
TN:
SF:src/lib/BrandingContext.tsx
FN:93,BrandingProvider
FN:103,(anonymous_1)
FN:109,(anonymous_2)
FN:182,(anonymous_3)
FN:203,(anonymous_4)
FN:257,(anonymous_5)
FN:258,(anonymous_6)
FN:266,(anonymous_7)
FN:272,(anonymous_8)
FN:318,(anonymous_9)
FN:351,useBranding
FNF:11
FNH:0
FNDA:0,BrandingProvider
FNDA:0,(anonymous_1)
FNDA:0,(anonymous_2)
FNDA:0,(anonymous_3)
FNDA:0,(anonymous_4)
FNDA:0,(anonymous_5)
FNDA:0,(anonymous_6)
FNDA:0,(anonymous_7)
FNDA:0,(anonymous_8)
FNDA:0,(anonymous_9)
FNDA:0,useBranding
DA:48,0
DA:91,0
DA:94,0
DA:95,0
DA:96,0
DA:97,0
DA:98,0
DA:99,0
DA:100,0
DA:103,0
DA:104,0
DA:105,0
DA:106,0
DA:109,0
DA:110,0
DA:111,0
DA:112,0
DA:115,0
DA:117,0
DA:118,0
DA:124,0
DA:125,0
DA:126,0
DA:129,0
DA:131,0
DA:132,0
DA:133,0
DA:134,0
DA:136,0
DA:140,0
DA:171,0
DA:172,0
DA:174,0
DA:178,0
DA:182,0
DA:183,0
DA:185,0
DA:186,0
DA:187,0
DA:188,0
DA:189,0
DA:190,0
DA:191,0
DA:194,0
DA:195,0
DA:196,0
DA:197,0
DA:203,0
DA:204,0
DA:206,0
DA:207,0
DA:209,0
DA:210,0
DA:244,0
DA:245,0
DA:246,0
DA:249,0
DA:250,0
DA:252,0
DA:257,0
DA:258,0
DA:261,0
DA:262,0
DA:266,0
DA:267,0
DA:272,0
DA:276,0
DA:277,0
DA:278,0
DA:281,0
DA:282,0
DA:283,0
DA:285,0
DA:292,0
DA:293,0
DA:294,0
DA:298,0
DA:303,0
DA:309,0
DA:310,0
DA:312,0
DA:313,0
DA:318,0
DA:319,0
DA:321,0
DA:322,0
DA:323,0
DA:328,0
DA:333,0
DA:352,0
DA:353,0
DA:354,0
LF:92
LH:0
BRDA:104,0,0,0
BRDA:104,0,1,0
BRDA:110,1,0,0
BRDA:110,1,1,0
BRDA:124,2,0,0
BRDA:124,2,1,0
BRDA:124,3,0,0
BRDA:124,3,1,0
BRDA:129,4,0,0
BRDA:129,4,1,0
BRDA:132,5,0,0
BRDA:132,5,1,0
BRDA:149,6,0,0
BRDA:149,6,1,0
BRDA:150,7,0,0
BRDA:150,7,1,0
BRDA:151,8,0,0
BRDA:151,8,1,0
BRDA:152,9,0,0
BRDA:152,9,1,0
BRDA:153,10,0,0
BRDA:153,10,1,0
BRDA:154,11,0,0
BRDA:154,11,1,0
BRDA:155,12,0,0
BRDA:155,12,1,0
BRDA:156,13,0,0
BRDA:156,13,1,0
BRDA:157,14,0,0
BRDA:157,14,1,0
BRDA:158,15,0,0
BRDA:158,15,1,0
BRDA:159,16,0,0
BRDA:159,16,1,0
BRDA:160,17,0,0
BRDA:160,17,1,0
BRDA:161,18,0,0
BRDA:161,18,1,0
BRDA:162,19,0,0
BRDA:162,19,1,0
BRDA:167,20,0,0
BRDA:167,20,1,0
BRDA:183,21,0,0
BRDA:183,21,1,0
BRDA:194,22,0,0
BRDA:194,22,1,0
BRDA:196,23,0,0
BRDA:196,23,1,0
BRDA:204,24,0,0
BRDA:204,24,1,0
BRDA:204,25,0,0
BRDA:204,25,1,0
BRDA:244,26,0,0
BRDA:244,26,1,0
BRDA:261,27,0,0
BRDA:261,27,1,0
BRDA:276,28,0,0
BRDA:276,28,1,0
BRDA:276,29,0,0
BRDA:276,29,1,0
BRDA:292,30,0,0
BRDA:292,30,1,0
BRDA:321,31,0,0
BRDA:321,31,1,0
BRDA:321,32,0,0
BRDA:321,32,1,0
BRDA:353,33,0,0
BRDA:353,33,1,0
BRF:68
BRH:0
end_of_record
TN:
SF:src/lib/DemoData.ts
FNF:0
FNH:0
DA:2,0
DA:4,0
DA:12,0
DA:19,0
DA:25,0
LF:5
LH:0
BRF:0
BRH:0
end_of_record
TN:
SF:src/lib/GamificationContext.tsx
FN:25,(anonymous_0)
FN:27,(anonymous_1)
FN:28,(anonymous_2)
FN:29,(anonymous_3)
FN:30,(anonymous_4)
FN:34,(anonymous_5)
FN:36,GamificationProvider
FN:41,(anonymous_7)
FN:45,(anonymous_8)
FN:49,(anonymous_9)
FN:50,(anonymous_10)
FN:69,useGamification
FNF:12
FNH:0
FNDA:0,(anonymous_0)
FNDA:0,(anonymous_1)
FNDA:0,(anonymous_2)
FNDA:0,(anonymous_3)
FNDA:0,(anonymous_4)
FNDA:0,(anonymous_5)
FNDA:0,GamificationProvider
FNDA:0,(anonymous_7)
FNDA:0,(anonymous_8)
FNDA:0,(anonymous_9)
FNDA:0,(anonymous_10)
FNDA:0,useGamification
DA:22,0
DA:25,0
DA:34,0
DA:37,0
DA:38,0
DA:39,0
DA:41,0
DA:45,0
DA:49,0
DA:50,0
DA:52,0
DA:70,0
DA:71,0
DA:72,0
LF:14
LH:0
BRDA:71,0,0,0
BRDA:71,0,1,0
BRF:2
BRH:0
end_of_record
TN:
SF:src/lib/LocaleContext.tsx
FN:44,LocaleProvider
FN:48,(anonymous_1)
FN:50,(anonymous_2)
FN:55,(anonymous_3)
FN:56,(anonymous_4)
FN:59,(anonymous_5)
FN:70,useLocale
FNF:7
FNH:0
FNDA:0,LocaleProvider
FNDA:0,(anonymous_1)
FNDA:0,(anonymous_2)
FNDA:0,(anonymous_3)
FNDA:0,(anonymous_4)
FNDA:0,(anonymous_5)
FNDA:0,useLocale
DA:11,0
DA:26,0
DA:42,0
DA:45,0
DA:46,0
DA:48,0
DA:50,0
DA:51,0
DA:52,0
DA:55,0
DA:56,0
DA:59,0
DA:60,0
DA:63,0
DA:71,0
DA:72,0
DA:73,0
LF:17
LH:0
BRDA:48,0,0,0
BRDA:48,0,1,0
BRDA:72,1,0,0
BRDA:72,1,1,0
BRF:4
BRH:0
end_of_record
TN:
SF:src/lib/PDFGenerator.ts
FN:57,getBranding
FN:87,generateQuotePDF
FN:136,(anonymous_2)
FN:186,generateInvoicePDF
FN:249,(anonymous_4)
FNF:5
FNH:0
FNDA:0,getBranding
FNDA:0,generateQuotePDF
FNDA:0,(anonymous_2)
FNDA:0,generateInvoicePDF
FNDA:0,(anonymous_4)
DA:58,0
DA:59,0
DA:70,0
DA:76,0
DA:88,0
DA:89,0
DA:90,0
DA:91,0
DA:93,0
DA:96,0
DA:97,0
DA:98,0
DA:100,0
DA:101,0
DA:102,0
DA:103,0
DA:104,0
DA:107,0
DA:108,0
DA:109,0
DA:110,0
DA:111,0
DA:112,0
DA:113,0
DA:114,0
DA:115,0
DA:118,0
DA:119,0
DA:120,0
DA:121,0
DA:122,0
DA:123,0
DA:124,0
DA:126,0
DA:127,0
DA:131,0
DA:132,0
DA:133,0
DA:136,0
DA:143,0
DA:157,0
DA:160,0
DA:161,0
DA:162,0
DA:163,0
DA:165,0
DA:166,0
DA:168,0
DA:169,0
DA:170,0
DA:171,0
DA:172,0
DA:173,0
DA:176,0
DA:177,0
DA:178,0
DA:179,0
DA:180,0
DA:183,0
DA:187,0
DA:188,0
DA:189,0
DA:190,0
DA:191,0
DA:194,0
DA:195,0
DA:196,0
DA:198,0
DA:199,0
DA:200,0
DA:201,0
DA:202,0
DA:205,0
DA:206,0
DA:207,0
DA:208,0
DA:209,0
DA:210,0
DA:211,0
DA:212,0
DA:213,0
DA:216,0
DA:223,0
DA:225,0
DA:226,0
DA:227,0
DA:228,0
DA:229,0
DA:230,0
DA:233,0
DA:234,0
DA:235,0
DA:236,0
DA:237,0
DA:238,0
DA:239,0
DA:241,0
DA:242,0
DA:244,0
DA:245,0
DA:249,0
DA:256,0
DA:269,0
DA:272,0
DA:273,0
DA:275,0
DA:276,0
DA:278,0
DA:279,0
DA:281,0
DA:282,0
DA:283,0
DA:286,0
DA:287,0
DA:288,0
DA:289,0
DA:290,0
DA:291,0
DA:293,0
DA:294,0
DA:295,0
DA:296,0
DA:297,0
DA:298,0
DA:299,0
DA:301,0
DA:302,0
DA:303,0
DA:304,0
DA:305,0
DA:306,0
DA:310,0
DA:311,0
DA:312,0
DA:313,0
DA:314,0
DA:315,0
DA:319,0
DA:320,0
DA:321,0
DA:322,0
DA:323,0
DA:325,0
LF:143
LH:0
BRDA:58,0,0,0
BRDA:58,0,1,0
BRDA:76,1,0,0
BRDA:76,1,1,0
BRDA:89,2,0,0
BRDA:89,2,1,0
BRDA:90,3,0,0
BRDA:90,3,1,0
BRDA:91,4,0,0
BRDA:91,4,1,0
BRDA:103,5,0,0
BRDA:103,5,1,0
BRDA:112,6,0,0
BRDA:112,6,1,0
BRDA:113,7,0,0
BRDA:113,7,1,0
BRDA:113,8,0,0
BRDA:113,8,1,0
BRDA:114,9,0,0
BRDA:114,9,1,0
BRDA:114,10,0,0
BRDA:114,10,1,0
BRDA:114,11,0,0
BRDA:114,11,1,0
BRDA:115,12,0,0
BRDA:115,12,1,0
BRDA:115,13,0,0
BRDA:115,13,1,0
BRDA:115,14,0,0
BRDA:115,14,1,0
BRDA:123,15,0,0
BRDA:123,15,1,0
BRDA:126,16,0,0
BRDA:126,16,1,0
BRDA:180,17,0,0
BRDA:180,17,1,0
BRDA:188,18,0,0
BRDA:188,18,1,0
BRDA:189,19,0,0
BRDA:189,19,1,0
BRDA:190,20,0,0
BRDA:190,20,1,0
BRDA:210,21,0,0
BRDA:210,21,1,0
BRDA:211,22,0,0
BRDA:211,22,1,0
BRDA:211,23,0,0
BRDA:211,23,1,0
BRDA:212,24,0,0
BRDA:212,24,1,0
BRDA:212,25,0,0
BRDA:212,25,1,0
BRDA:212,26,0,0
BRDA:212,26,1,0
BRDA:213,27,0,0
BRDA:213,27,1,0
BRDA:213,28,0,0
BRDA:213,28,1,0
BRDA:213,29,0,0
BRDA:213,29,1,0
BRDA:223,30,0,0
BRDA:223,30,1,0
BRDA:238,31,0,0
BRDA:238,31,1,0
BRDA:241,32,0,0
BRDA:241,32,1,0
BRDA:244,33,0,0
BRDA:244,33,1,0
BRDA:281,34,0,0
BRDA:281,34,1,0
BRDA:281,35,0,0
BRDA:281,35,1,0
BRDA:293,36,0,0
BRDA:293,36,1,0
BRDA:293,37,0,0
BRDA:293,37,1,0
BRDA:305,38,0,0
BRDA:305,38,1,0
BRDA:310,39,0,0
BRDA:310,39,1,0
BRDA:323,40,0,0
BRDA:323,40,1,0
BRF:82
BRH:0
end_of_record
TN:
SF:src/lib/Storage.ts
FN:17,isDemoMode
FN:22,getLocal
FN:31,setLocal
FN:36,getDeals
FN:45,saveDealsLocally
FN:50,getContacts
FN:58,saveContactsLocally
FN:63,getInvoices
FN:71,saveInvoicesLocally
FN:76,clearDemoData
FN:77,(anonymous_10)
FN:83,initDemoData
FNF:12
FNH:0
FNDA:0,isDemoMode
FNDA:0,getLocal
FNDA:0,setLocal
FNDA:0,getDeals
FNDA:0,saveDealsLocally
FNDA:0,getContacts
FNDA:0,saveContactsLocally
FNDA:0,getInvoices
FNDA:0,saveInvoicesLocally
FNDA:0,clearDemoData
FNDA:0,(anonymous_10)
FNDA:0,initDemoData
DA:8,0
DA:18,0
DA:23,0
DA:24,0
DA:25,0
DA:27,0
DA:32,0
DA:37,0
DA:38,0
DA:41,0
DA:42,0
DA:46,0
DA:51,0
DA:52,0
DA:54,0
DA:55,0
DA:59,0
DA:64,0
DA:65,0
DA:67,0
DA:68,0
DA:72,0
DA:77,0
DA:78,0
DA:79,0
DA:84,0
DA:85,0
DA:86,0
DA:88,0
DA:89,0
DA:91,0
DA:92,0
LF:32
LH:0
BRDA:25,0,0,0
BRDA:25,0,1,0
BRDA:37,1,0,0
BRDA:37,1,1,0
BRDA:42,2,0,0
BRDA:42,2,1,0
BRDA:51,3,0,0
BRDA:51,3,1,0
BRDA:55,4,0,0
BRDA:55,4,1,0
BRDA:64,5,0,0
BRDA:64,5,1,0
BRDA:68,6,0,0
BRDA:68,6,1,0
BRDA:84,7,0,0
BRDA:84,7,1,0
BRDA:85,8,0,0
BRDA:85,8,1,0
BRDA:88,9,0,0
BRDA:88,9,1,0
BRDA:91,10,0,0
BRDA:91,10,1,0
BRF:22
BRH:0
end_of_record
TN:
SF:src/lib/approvalWorkflow.ts
FN:132,getApprovalRule
FN:150,(anonymous_1)
FN:163,createApprovalRequest
FN:199,getPendingApprovals
FN:211,(anonymous_4)
FN:213,(anonymous_5)
FN:218,(anonymous_6)
FN:233,approveRequest
FN:252,(anonymous_8)
FN:303,rejectRequest
FN:341,executePostApprovalActions
FN:371,executePostRejectionActions
FN:395,getApprovalHistory
FNF:13
FNH:0
FNDA:0,getApprovalRule
FNDA:0,(anonymous_1)
FNDA:0,createApprovalRequest
FNDA:0,getPendingApprovals
FNDA:0,(anonymous_4)
FNDA:0,(anonymous_5)
FNDA:0,(anonymous_6)
FNDA:0,approveRequest
FNDA:0,(anonymous_8)
FNDA:0,rejectRequest
FNDA:0,executePostApprovalActions
FNDA:0,executePostRejectionActions
FNDA:0,getApprovalHistory
DA:74,0
DA:124,0
DA:137,0
DA:145,0
DA:147,0
DA:150,0
DA:151,0
DA:152,0
DA:153,0
DA:154,0
DA:156,0
DA:159,0
DA:174,0
DA:176,0
DA:194,0
DA:195,0
DA:205,0
DA:211,0
DA:212,0
DA:213,0
DA:216,0
DA:218,0
DA:220,0
DA:228,0
DA:229,0
DA:239,0
DA:245,0
DA:247,0
DA:248,0
DA:249,0
DA:252,0
DA:254,0
DA:256,0
DA:263,0
DA:266,0
DA:274,0
DA:277,0
DA:284,0
DA:287,0
DA:296,0
DA:298,0
DA:308,0
DA:314,0
DA:316,0
DA:323,0
DA:326,0
DA:335,0
DA:337,0
DA:342,0
DA:344,0
DA:348,0
DA:350,0
DA:354,0
DA:356,0
DA:360,0
DA:362,0
DA:366,0
DA:372,0
DA:374,0
DA:378,0
DA:380,0
DA:384,0
DA:386,0
DA:390,0
DA:399,0
DA:408,0
DA:409,0
DA:413,0
DA:423,0
LF:69
LH:0
BRDA:147,0,0,0
BRDA:147,0,1,0
BRDA:150,1,0,0
BRDA:150,1,1,0
BRDA:151,2,0,0
BRDA:151,2,1,0
BRDA:152,3,0,0
BRDA:152,3,1,0
BRDA:153,4,0,0
BRDA:153,4,1,0
BRDA:154,5,0,0
BRDA:154,5,1,0
BRDA:159,6,0,0
BRDA:159,6,1,0
BRDA:194,7,0,0
BRDA:194,7,1,0
BRDA:211,8,0,0
BRDA:211,8,1,0
BRDA:212,9,0,0
BRDA:212,9,1,0
BRDA:216,10,0,0
BRDA:216,10,1,0
BRDA:228,11,0,0
BRDA:228,11,1,0
BRDA:229,12,0,0
BRDA:229,12,1,0
BRDA:245,13,0,0
BRDA:245,13,1,0
BRDA:247,14,0,0
BRDA:247,14,1,0
BRDA:254,15,0,0
BRDA:254,15,1,0
BRDA:263,16,0,0
BRDA:263,16,1,0
BRDA:284,17,0,0
BRDA:284,17,1,0
BRDA:314,18,0,0
BRDA:314,18,1,0
BRDA:323,19,0,0
BRDA:323,19,1,0
BRDA:342,20,0,0
BRDA:342,20,1,0
BRDA:342,20,2,0
BRDA:342,20,3,0
BRDA:372,21,0,0
BRDA:372,21,1,0
BRDA:372,21,2,0
BRDA:397,22,0,0
BRDA:405,23,0,0
BRDA:405,23,1,0
BRDA:406,24,0,0
BRDA:406,24,1,0
BRDA:406,25,0,0
BRDA:406,25,1,0
BRDA:406,26,0,0
BRDA:406,26,1,0
BRDA:408,27,0,0
BRDA:408,27,1,0
BRDA:409,28,0,0
BRDA:409,28,1,0
BRF:60
BRH:0
end_of_record
TN:
SF:src/lib/features.ts
FN:120,isFeatureEnabled
FN:124,getFeatureStatus
FN:128,getFeatureSetup
FN:132,isComingSoon
FN:136,requiresSalesContact
FN:140,(anonymous_5)
FNF:6
FNH:0
FNDA:0,isFeatureEnabled
FNDA:0,getFeatureStatus
FNDA:0,getFeatureSetup
FNDA:0,isComingSoon
FNDA:0,requiresSalesContact
FNDA:0,(anonymous_5)
DA:14,0
DA:121,0
DA:125,0
DA:129,0
DA:133,0
DA:137,0
DA:140,0
LF:7
LH:0
BRDA:121,0,0,0
BRDA:121,0,1,0
BRDA:125,1,0,0
BRDA:125,1,1,0
BRDA:129,2,0,0
BRDA:129,2,1,0
BRF:6
BRH:0
end_of_record
TN:
SF:src/lib/i18n.tsx
FN:350,I18nProvider
FN:351,(anonymous_1)
FN:355,(anonymous_2)
FN:358,(anonymous_3)
FN:362,(anonymous_4)
FN:374,(anonymous_5)
FN:384,useI18n
FN:391,useTranslation
FNF:8
FNH:0
FNDA:0,I18nProvider
FNDA:0,(anonymous_1)
FNDA:0,(anonymous_2)
FNDA:0,(anonymous_3)
FNDA:0,(anonymous_4)
FNDA:0,(anonymous_5)
FNDA:0,useI18n
FNDA:0,useTranslation
DA:19,0
DA:66,0
DA:348,0
DA:351,0
DA:352,0
DA:355,0
DA:356,0
DA:357,0
DA:358,0
DA:359,0
DA:362,0
DA:363,0
DA:364,0
DA:365,0
DA:368,0
DA:369,0
DA:371,0
DA:374,0
DA:375,0
DA:377,0
DA:385,0
DA:386,0
DA:387,0
DA:392,0
LF:24
LH:0
BRDA:352,0,0,0
BRDA:352,0,1,0
BRDA:358,1,0,0
BRDA:358,1,1,0
BRDA:364,2,0,0
BRDA:364,2,1,0
BRDA:364,3,0,0
BRDA:364,3,1,0
BRDA:368,4,0,0
BRDA:368,4,1,0
BRDA:371,5,0,0
BRDA:371,5,1,0
BRDA:375,6,0,0
BRDA:375,6,1,0
BRDA:386,7,0,0
BRDA:386,7,1,0
BRF:16
BRH:0
end_of_record
TN:
SF:src/lib/paystack.ts
FN:37,(anonymous_0)
FN:46,(anonymous_1)
FN:48,(anonymous_2)
FN:71,(anonymous_3)
FN:83,(anonymous_4)
FN:92,(anonymous_5)
FNF:6
FNH:0
FNDA:0,(anonymous_0)
FNDA:0,(anonymous_1)
FNDA:0,(anonymous_2)
FNDA:0,(anonymous_3)
FNDA:0,(anonymous_4)
FNDA:0,(anonymous_5)
DA:23,0
DA:25,0
DA:31,0
DA:37,0
DA:38,0
DA:46,0
DA:48,0
DA:49,0
DA:50,0
DA:51,0
DA:71,0
DA:72,0
DA:73,0
DA:76,0
DA:83,0
DA:84,0
DA:85,0
DA:92,0
DA:93,0
DA:94,0
DA:97,0
LF:21
LH:0
BRDA:23,0,0,0
BRDA:23,0,1,0
BRDA:26,1,0,0
BRDA:26,1,1,0
BRDA:27,2,0,0
BRDA:27,2,1,0
BRDA:28,3,0,0
BRDA:28,3,1,0
BRDA:50,4,0,0
BRDA:50,4,1,0
BRDA:73,5,0,0
BRDA:73,5,1,0
BRDA:74,6,0,0
BRDA:74,6,1,0
BRF:14
BRH:0
end_of_record
TN:
SF:src/lib/permissions.ts
FN:184,hasPermission
FN:189,canView
FN:190,canCreate
FN:191,canEdit
FN:192,canDelete
FN:193,canApprove
FN:194,canExport
FN:195,canManage
FN:197,isRoleAtLeast
FN:201,getModulePermissions
FN:205,getRoleModules
FN:209,(anonymous_11)
FN:210,(anonymous_12)
FNF:13
FNH:0
FNDA:0,hasPermission
FNDA:0,canView
FNDA:0,canCreate
FNDA:0,canEdit
FNDA:0,canDelete
FNDA:0,canApprove
FNDA:0,canExport
FNDA:0,canManage
FNDA:0,isRoleAtLeast
FNDA:0,getModulePermissions
FNDA:0,getRoleModules
FNDA:0,(anonymous_11)
FNDA:0,(anonymous_12)
DA:8,0
DA:21,0
DA:45,0
DA:185,0
DA:186,0
DA:189,0
DA:190,0
DA:191,0
DA:192,0
DA:193,0
DA:194,0
DA:195,0
DA:198,0
DA:202,0
DA:206,0
DA:207,0
DA:208,0
DA:209,0
DA:210,0
DA:213,0
LF:20
LH:0
BRDA:185,0,0,0
BRDA:185,0,1,0
BRDA:186,1,0,0
BRDA:186,1,1,0
BRDA:202,2,0,0
BRDA:202,2,1,0
BRDA:207,3,0,0
BRDA:207,3,1,0
BRDA:209,4,0,0
BRDA:209,4,1,0
BRF:10
BRH:0
end_of_record
TN:
SF:src/lib/supabase.ts
FNF:0
FNH:0
DA:3,0
DA:4,0
DA:6,0
LF:3
LH:0
BRF:0
BRH:0
end_of_record
TN:
SF:src/lib/types.ts
FNF:0
FNH:0
LF:0
LH:0
BRF:0
BRH:0
end_of_record
TN:
SF:src/lib/useSubscription.tsx
FN:32,useSubscription
FN:39,(anonymous_1)
FN:44,(anonymous_2)
FN:48,(anonymous_3)
FN:52,(anonymous_4)
FN:75,FeatureGate
FNF:6
FNH:0
FNDA:0,useSubscription
FNDA:0,(anonymous_1)
FNDA:0,(anonymous_2)
FNDA:0,(anonymous_3)
FNDA:0,(anonymous_4)
FNDA:0,FeatureGate
DA:9,0
DA:33,0
DA:36,0
DA:37,0
DA:39,0
DA:40,0
DA:41,0
DA:44,0
DA:45,0
DA:48,0
DA:49,0
DA:52,0
DA:53,0
DA:56,0
DA:76,0
DA:78,0
DA:79,0
DA:82,0
DA:83,0
DA:86,0
LF:20
LH:0
BRDA:36,0,0,0
BRDA:36,0,1,0
BRDA:36,1,0,0
BRDA:36,1,1,0
BRDA:40,2,0,0
BRDA:40,2,1,0
BRDA:63,3,0,0
BRDA:63,3,1,0
BRDA:78,4,0,0
BRDA:78,4,1,0
BRDA:82,5,0,0
BRDA:82,5,1,0
BRF:12
BRH:0
end_of_record
TN:
SF:src/pages/APISettings.tsx
FN:56,APISettings
FN:81,(anonymous_1)
FN:99,(anonymous_2)
FN:103,(anonymous_3)
FN:122,(anonymous_4)
FN:130,(anonymous_5)
FN:135,(anonymous_6)
FN:174,(anonymous_7)
FN:182,(anonymous_8)
FN:190,(anonymous_9)
FN:192,(anonymous_10)
FN:216,(anonymous_11)
FN:225,(anonymous_12)
FN:260,(anonymous_13)
FN:280,(anonymous_14)
FN:306,(anonymous_15)
FN:363,(anonymous_16)
FN:384,(anonymous_17)
FN:413,(anonymous_18)
FN:421,(anonymous_19)
FN:429,(anonymous_20)
FN:459,(anonymous_21)
FN:463,(anonymous_22)
FN:463,(anonymous_23)
FN:502,(anonymous_24)
FN:516,(anonymous_25)
FN:529,(anonymous_26)
FN:554,(anonymous_27)
FN:563,(anonymous_28)
FN:572,(anonymous_29)
FN:581,(anonymous_30)
FN:586,(anonymous_31)
FN:600,(anonymous_32)
FNF:33
FNH:0
FNDA:0,APISettings
FNDA:0,(anonymous_1)
FNDA:0,(anonymous_2)
FNDA:0,(anonymous_3)
FNDA:0,(anonymous_4)
FNDA:0,(anonymous_5)
FNDA:0,(anonymous_6)
FNDA:0,(anonymous_7)
FNDA:0,(anonymous_8)
FNDA:0,(anonymous_9)
FNDA:0,(anonymous_10)
FNDA:0,(anonymous_11)
FNDA:0,(anonymous_12)
FNDA:0,(anonymous_13)
FNDA:0,(anonymous_14)
FNDA:0,(anonymous_15)
FNDA:0,(anonymous_16)
FNDA:0,(anonymous_17)
FNDA:0,(anonymous_18)
FNDA:0,(anonymous_19)
FNDA:0,(anonymous_20)
FNDA:0,(anonymous_21)
FNDA:0,(anonymous_22)
FNDA:0,(anonymous_23)
FNDA:0,(anonymous_24)
FNDA:0,(anonymous_25)
FNDA:0,(anonymous_26)
FNDA:0,(anonymous_27)
FNDA:0,(anonymous_28)
FNDA:0,(anonymous_29)
FNDA:0,(anonymous_30)
FNDA:0,(anonymous_31)
FNDA:0,(anonymous_32)
DA:36,0
DA:57,0
DA:58,0
DA:59,0
DA:60,0
DA:61,0
DA:62,0
DA:63,0
DA:64,0
DA:65,0
DA:66,0
DA:67,0
DA:68,0
DA:71,0
DA:72,0
DA:73,0
DA:76,0
DA:81,0
DA:82,0
DA:84,0
DA:89,0
DA:94,0
DA:95,0
DA:96,0
DA:99,0
DA:100,0
DA:103,0
DA:104,0
DA:105,0
DA:106,0
DA:109,0
DA:110,0
DA:112,0
DA:113,0
DA:115,0
DA:116,0
DA:117,0
DA:119,0
DA:122,0
DA:123,0
DA:125,0
DA:126,0
DA:127,0
DA:130,0
DA:131,0
DA:132,0
DA:135,0
DA:136,0
DA:137,0
DA:138,0
DA:141,0
DA:142,0
DA:143,0
DA:146,0
DA:147,0
DA:148,0
DA:151,0
DA:152,0
DA:161,0
DA:162,0
DA:164,0
DA:165,0
DA:166,0
DA:167,0
DA:168,0
DA:169,0
DA:171,0
DA:174,0
DA:175,0
DA:179,0
DA:182,0
DA:183,0
DA:185,0
DA:186,0
DA:187,0
DA:190,0
DA:191,0
DA:192,0
DA:194,0
DA:198,0
DA:199,0
DA:207,0
DA:216,0
DA:225,0
DA:261,0
DA:262,0
DA:263,0
DA:281,0
DA:306,0
DA:364,0
DA:365,0
DA:366,0
DA:367,0
DA:385,0
DA:413,0
DA:421,0
DA:430,0
DA:460,0
DA:463,0
DA:464,0
DA:502,0
DA:516,0
DA:529,0
DA:554,0
DA:563,0
DA:572,0
DA:582,0
DA:586,0
DA:600,0
LF:109
LH:0
BRDA:94,0,0,0
BRDA:94,0,1,0
BRDA:95,1,0,0
BRDA:95,1,1,0
BRDA:104,2,0,0
BRDA:104,2,1,0
BRDA:112,3,0,0
BRDA:112,3,1,0
BRDA:112,4,0,0
BRDA:112,4,1,0
BRDA:123,5,0,0
BRDA:123,5,1,0
BRDA:136,6,0,0
BRDA:136,6,1,0
BRDA:136,7,0,0
BRDA:136,7,1,0
BRDA:141,8,0,0
BRDA:141,8,1,0
BRDA:146,9,0,0
BRDA:146,9,1,0
BRDA:161,10,0,0
BRDA:161,10,1,0
BRDA:183,11,0,0
BRDA:183,11,1,0
BRDA:191,12,0,0
BRDA:191,12,1,0
BRDA:198,13,0,0
BRDA:198,13,1,0
BRDA:218,14,0,0
BRDA:218,14,1,0
BRDA:227,15,0,0
BRDA:227,15,1,0
BRDA:237,16,0,0
BRDA:237,16,1,0
BRDA:272,17,0,0
BRDA:272,17,1,0
BRDA:289,18,0,0
BRDA:289,18,1,0
BRDA:291,19,0,0
BRDA:291,19,1,0
BRDA:299,20,0,0
BRDA:299,20,1,0
BRDA:320,21,0,0
BRDA:320,21,1,0
BRDA:376,22,0,0
BRDA:376,22,1,0
BRDA:389,23,0,0
BRDA:389,23,1,0
BRDA:391,24,0,0
BRDA:391,24,1,0
BRDA:401,25,0,0
BRDA:401,25,1,0
BRDA:403,26,0,0
BRDA:403,26,1,0
BRDA:415,27,0,0
BRDA:415,27,1,0
BRDA:418,28,0,0
BRDA:418,28,1,0
BRDA:436,29,0,0
BRDA:436,29,1,0
BRDA:442,30,0,0
BRDA:442,30,1,0
BRDA:477,31,0,0
BRDA:477,31,1,0
BRDA:484,32,0,0
BRDA:484,32,1,0
BRDA:532,33,0,0
BRDA:532,33,1,0
BRDA:534,34,0,0
BRDA:534,34,1,0
BRDA:540,35,0,0
BRDA:540,35,1,0
BRDA:549,36,0,0
BRDA:549,36,1,0
BRDA:610,37,0,0
BRDA:610,37,1,0
BRF:76
BRH:0
end_of_record
TN:
SF:src/pages/Accounting.tsx
FN:60,Accounting
FN:87,(anonymous_1)
FN:98,(anonymous_2)
FN:102,(anonymous_3)
FN:103,(anonymous_4)
FN:109,(anonymous_5)
FN:138,(anonymous_6)
FN:139,(anonymous_7)
FN:140,(anonymous_8)
FN:161,(anonymous_9)
FN:171,(anonymous_10)
FN:175,(anonymous_11)
FN:181,(anonymous_12)
FN:183,(anonymous_13)
FN:187,(anonymous_14)
FN:189,(anonymous_15)
FN:192,(anonymous_16)
FN:193,(anonymous_17)
FN:196,(anonymous_18)
FN:196,(anonymous_19)
FN:197,(anonymous_20)
FN:197,(anonymous_21)
FN:198,(anonymous_22)
FN:198,(anonymous_23)
FN:199,(anonymous_24)
FN:199,(anonymous_25)
FN:200,(anonymous_26)
FN:200,(anonymous_27)
FN:211,(anonymous_28)
FN:218,(anonymous_29)
FN:233,(anonymous_30)
FN:238,(anonymous_31)
FN:255,(anonymous_32)
FN:266,(anonymous_33)
FN:291,(anonymous_34)
FN:294,(anonymous_35)
FN:322,(anonymous_36)
FN:330,(anonymous_37)
FN:350,(anonymous_38)
FN:350,(anonymous_39)
FN:365,(anonymous_40)
FN:365,(anonymous_41)
FN:380,(anonymous_42)
FN:380,(anonymous_43)
FN:405,(anonymous_44)
FN:405,(anonymous_45)
FN:420,(anonymous_46)
FN:420,(anonymous_47)
FN:450,(anonymous_48)
FN:459,(anonymous_49)
FN:468,(anonymous_50)
FN:477,(anonymous_51)
FN:480,(anonymous_52)
FN:489,(anonymous_53)
FN:496,(anonymous_54)
FN:520,(anonymous_55)
FN:528,(anonymous_56)
FN:547,(anonymous_57)
FN:551,(anonymous_58)
FN:555,(anonymous_59)
FN:561,(anonymous_60)
FN:568,(anonymous_61)
FN:574,(anonymous_62)
FNF:63
FNH:0
FNDA:0,Accounting
FNDA:0,(anonymous_1)
FNDA:0,(anonymous_2)
FNDA:0,(anonymous_3)
FNDA:0,(anonymous_4)
FNDA:0,(anonymous_5)
FNDA:0,(anonymous_6)
FNDA:0,(anonymous_7)
FNDA:0,(anonymous_8)
FNDA:0,(anonymous_9)
FNDA:0,(anonymous_10)
FNDA:0,(anonymous_11)
FNDA:0,(anonymous_12)
FNDA:0,(anonymous_13)
FNDA:0,(anonymous_14)
FNDA:0,(anonymous_15)
FNDA:0,(anonymous_16)
FNDA:0,(anonymous_17)
FNDA:0,(anonymous_18)
FNDA:0,(anonymous_19)
FNDA:0,(anonymous_20)
FNDA:0,(anonymous_21)
FNDA:0,(anonymous_22)
FNDA:0,(anonymous_23)
FNDA:0,(anonymous_24)
FNDA:0,(anonymous_25)
FNDA:0,(anonymous_26)
FNDA:0,(anonymous_27)
FNDA:0,(anonymous_28)
FNDA:0,(anonymous_29)
FNDA:0,(anonymous_30)
FNDA:0,(anonymous_31)
FNDA:0,(anonymous_32)
FNDA:0,(anonymous_33)
FNDA:0,(anonymous_34)
FNDA:0,(anonymous_35)
FNDA:0,(anonymous_36)
FNDA:0,(anonymous_37)
FNDA:0,(anonymous_38)
FNDA:0,(anonymous_39)
FNDA:0,(anonymous_40)
FNDA:0,(anonymous_41)
FNDA:0,(anonymous_42)
FNDA:0,(anonymous_43)
FNDA:0,(anonymous_44)
FNDA:0,(anonymous_45)
FNDA:0,(anonymous_46)
FNDA:0,(anonymous_47)
FNDA:0,(anonymous_48)
FNDA:0,(anonymous_49)
FNDA:0,(anonymous_50)
FNDA:0,(anonymous_51)
FNDA:0,(anonymous_52)
FNDA:0,(anonymous_53)
FNDA:0,(anonymous_54)
FNDA:0,(anonymous_55)
FNDA:0,(anonymous_56)
FNDA:0,(anonymous_57)
FNDA:0,(anonymous_58)
FNDA:0,(anonymous_59)
FNDA:0,(anonymous_60)
FNDA:0,(anonymous_61)
FNDA:0,(anonymous_62)
DA:52,0
DA:61,0
DA:62,0
DA:63,0
DA:64,0
DA:65,0
DA:66,0
DA:67,0
DA:68,0
DA:69,0
DA:70,0
DA:71,0
DA:74,0
DA:75,0
DA:76,0
DA:77,0
DA:80,0
DA:81,0
DA:82,0
DA:87,0
DA:88,0
DA:89,0
DA:93,0
DA:94,0
DA:95,0
DA:98,0
DA:99,0
DA:102,0
DA:103,0
DA:104,0
DA:106,0
DA:109,0
DA:110,0
DA:111,0
DA:112,0
DA:113,0
DA:114,0
DA:115,0
DA:117,0
DA:118,0
DA:124,0
DA:125,0
DA:126,0
DA:127,0
DA:128,0
DA:129,0
DA:130,0
DA:132,0
DA:134,0
DA:138,0
DA:139,0
DA:140,0
DA:142,0
DA:143,0
DA:144,0
DA:147,0
DA:152,0
DA:153,0
DA:155,0
DA:156,0
DA:157,0
DA:161,0
DA:162,0
DA:163,0
DA:164,0
DA:165,0
DA:171,0
DA:172,0
DA:175,0
DA:176,0
DA:177,0
DA:178,0
DA:181,0
DA:182,0
DA:183,0
DA:187,0
DA:189,0
DA:192,0
DA:193,0
DA:196,0
DA:197,0
DA:198,0
DA:199,0
DA:200,0
DA:202,0
DA:211,0
DA:218,0
DA:234,0
DA:235,0
DA:238,0
DA:256,0
DA:267,0
DA:292,0
DA:294,0
DA:322,0
DA:330,0
DA:350,0
DA:351,0
DA:365,0
DA:366,0
DA:380,0
DA:381,0
DA:405,0
DA:406,0
DA:420,0
DA:421,0
DA:450,0
DA:459,0
DA:468,0
DA:477,0
DA:481,0
DA:489,0
DA:496,0
DA:520,0
DA:528,0
DA:548,0
DA:551,0
DA:556,0
DA:561,0
DA:568,0
DA:574,0
LF:121
LH:0
BRDA:93,0,0,0
BRDA:93,0,1,0
BRDA:94,1,0,0
BRDA:94,1,1,0
BRDA:104,2,0,0
BRDA:104,2,1,0
BRDA:106,3,0,0
BRDA:106,3,1,0
BRDA:110,4,0,0
BRDA:110,4,1,0
BRDA:112,5,0,0
BRDA:112,5,1,0
BRDA:112,6,0,0
BRDA:112,6,1,0
BRDA:122,7,0,0
BRDA:122,7,1,0
BRDA:124,8,0,0
BRDA:124,8,1,0
BRDA:139,9,0,0
BRDA:139,9,1,0
BRDA:140,10,0,0
BRDA:140,10,1,0
BRDA:142,11,0,0
BRDA:142,11,1,0
BRDA:152,12,0,0
BRDA:152,12,1,0
BRDA:182,13,0,0
BRDA:182,13,1,0
BRDA:192,14,0,0
BRDA:192,14,1,0
BRDA:193,15,0,0
BRDA:193,15,1,0
BRDA:196,16,0,0
BRDA:196,16,1,0
BRDA:197,17,0,0
BRDA:197,17,1,0
BRDA:198,18,0,0
BRDA:198,18,1,0
BRDA:199,19,0,0
BRDA:199,19,1,0
BRDA:200,20,0,0
BRDA:200,20,1,0
BRDA:240,21,0,0
BRDA:240,21,1,0
BRDA:253,22,0,0
BRDA:253,22,1,0
BRDA:262,23,0,0
BRDA:262,23,1,0
BRDA:285,24,0,0
BRDA:285,24,1,0
BRDA:299,25,0,0
BRDA:299,25,1,0
BRDA:306,26,0,0
BRDA:306,26,1,0
BRDA:317,27,0,0
BRDA:317,27,1,0
BRDA:324,28,0,0
BRDA:324,28,1,0
BRDA:332,29,0,0
BRDA:332,29,1,0
BRDA:340,30,0,0
BRDA:340,30,1,0
BRDA:395,31,0,0
BRDA:395,31,1,0
BRDA:445,32,0,0
BRDA:445,32,1,0
BRDA:497,33,0,0
BRDA:497,33,1,0
BRDA:504,34,0,0
BRDA:504,34,1,0
BRDA:588,35,0,0
BRDA:588,35,1,0
BRF:72
BRH:0
end_of_record
TN:
SF:src/pages/Approvals.tsx
FN:13,Approvals
FN:24,(anonymous_1)
FN:28,(anonymous_2)
FN:60,(anonymous_3)
FN:91,(anonymous_4)
FN:120,(anonymous_5)
FN:130,(anonymous_6)
FN:139,(anonymous_7)
FN:146,(anonymous_8)
FN:151,(anonymous_9)
FN:178,(anonymous_10)
FN:199,(anonymous_11)
FN:240,(anonymous_12)
FN:248,(anonymous_13)
FN:256,(anonymous_14)
FN:295,(anonymous_15)
FN:331,(anonymous_16)
FN:335,(anonymous_17)
FN:371,(anonymous_18)
FN:381,(anonymous_19)
FN:387,(anonymous_20)
FN:393,(anonymous_21)
FNF:22
FNH:0
FNDA:0,Approvals
FNDA:0,(anonymous_1)
FNDA:0,(anonymous_2)
FNDA:0,(anonymous_3)
FNDA:0,(anonymous_4)
FNDA:0,(anonymous_5)
FNDA:0,(anonymous_6)
FNDA:0,(anonymous_7)
FNDA:0,(anonymous_8)
FNDA:0,(anonymous_9)
FNDA:0,(anonymous_10)
FNDA:0,(anonymous_11)
FNDA:0,(anonymous_12)
FNDA:0,(anonymous_13)
FNDA:0,(anonymous_14)
FNDA:0,(anonymous_15)
FNDA:0,(anonymous_16)
FNDA:0,(anonymous_17)
FNDA:0,(anonymous_18)
FNDA:0,(anonymous_19)
FNDA:0,(anonymous_20)
FNDA:0,(anonymous_21)
DA:14,0
DA:15,0
DA:16,0
DA:17,0
DA:18,0
DA:19,0
DA:20,0
DA:21,0
DA:22,0
DA:24,0
DA:25,0
DA:28,0
DA:29,0
DA:31,0
DA:33,0
DA:35,0
DA:43,0
DA:51,0
DA:52,0
DA:54,0
DA:57,0
DA:60,0
DA:61,0
DA:62,0
DA:63,0
DA:71,0
DA:74,0
DA:82,0
DA:83,0
DA:84,0
DA:86,0
DA:88,0
DA:91,0
DA:92,0
DA:94,0
DA:95,0
DA:96,0
DA:101,0
DA:103,0
DA:111,0
DA:112,0
DA:113,0
DA:115,0
DA:117,0
DA:120,0
DA:121,0
DA:122,0
DA:123,0
DA:124,0
DA:125,0
DA:126,0
DA:130,0
DA:131,0
DA:139,0
DA:140,0
DA:146,0
DA:147,0
DA:148,0
DA:151,0
DA:152,0
DA:153,0
DA:154,0
DA:157,0
DA:158,0
DA:165,0
DA:178,0
DA:200,0
DA:201,0
DA:240,0
DA:248,0
DA:256,0
DA:296,0
DA:331,0
DA:335,0
DA:371,0
DA:381,0
DA:387,0
DA:393,0
LF:78
LH:0
BRDA:29,0,0,0
BRDA:29,0,1,0
BRDA:29,1,0,0
BRDA:29,1,1,0
BRDA:51,2,0,0
BRDA:51,2,1,0
BRDA:52,3,0,0
BRDA:52,3,1,0
BRDA:66,4,0,0
BRDA:66,4,1,0
BRDA:71,5,0,0
BRDA:71,5,1,0
BRDA:92,6,0,0
BRDA:92,6,1,0
BRDA:101,7,0,0
BRDA:101,7,1,0
BRDA:121,8,0,0
BRDA:121,8,1,0
BRDA:121,8,2,0
BRDA:121,8,3,0
BRDA:121,8,4,0
BRDA:147,9,0,0
BRDA:147,9,1,0
BRDA:147,10,0,0
BRDA:147,10,1,0
BRDA:152,11,0,0
BRDA:152,11,1,0
BRDA:153,12,0,0
BRDA:153,12,1,0
BRDA:153,13,0,0
BRDA:153,13,1,0
BRDA:157,14,0,0
BRDA:157,14,1,0
BRDA:171,15,0,0
BRDA:171,15,1,0
BRDA:195,16,0,0
BRDA:195,16,1,0
BRDA:216,17,0,0
BRDA:216,17,1,0
BRDA:225,18,0,0
BRDA:225,18,1,0
BRDA:277,19,0,0
BRDA:277,19,1,0
BRDA:302,20,0,0
BRDA:302,20,1,0
BRDA:305,21,0,0
BRDA:305,21,1,0
BRDA:309,22,0,0
BRDA:309,22,1,0
BRDA:313,23,0,0
BRDA:313,23,1,0
BRDA:328,24,0,0
BRDA:328,24,1,0
BRDA:358,25,0,0
BRDA:358,25,1,0
BRF:55
BRH:0
end_of_record
TN:
SF:src/pages/AuthCallback.tsx
FN:13,AuthCallback
FN:20,(anonymous_1)
FN:21,(anonymous_2)
FN:69,(anonymous_3)
FN:113,(anonymous_4)
FN:140,(anonymous_5)
FN:218,sendWelcomeEmail
FNF:7
FNH:0
FNDA:0,AuthCallback
FNDA:0,(anonymous_1)
FNDA:0,(anonymous_2)
FNDA:0,(anonymous_3)
FNDA:0,(anonymous_4)
FNDA:0,(anonymous_5)
FNDA:0,sendWelcomeEmail
DA:10,0
DA:11,0
DA:14,0
DA:15,0
DA:16,0
DA:17,0
DA:18,0
DA:20,0
DA:21,0
DA:23,0
DA:24,0
DA:25,0
DA:26,0
DA:28,0
DA:29,0
DA:30,0
DA:31,0
DA:34,0
DA:36,0
DA:38,0
DA:39,0
DA:40,0
DA:41,0
DA:42,0
DA:46,0
DA:48,0
DA:49,0
DA:50,0
DA:54,0
DA:55,0
DA:56,0
DA:60,0
DA:66,0
DA:68,0
DA:69,0
DA:72,0
DA:74,0
DA:76,0
DA:82,0
DA:85,0
DA:87,0
DA:88,0
DA:89,0
DA:91,0
DA:94,0
DA:100,0
DA:101,0
DA:102,0
DA:103,0
DA:104,0
DA:107,0
DA:110,0
DA:112,0
DA:113,0
DA:115,0
DA:116,0
DA:120,0
DA:121,0
DA:123,0
DA:124,0
DA:126,0
DA:131,0
DA:132,0
DA:133,0
DA:134,0
DA:135,0
DA:138,0
DA:139,0
DA:140,0
DA:143,0
DA:148,0
DA:154,0
DA:157,0
DA:160,0
DA:163,0
DA:164,0
DA:177,0
DA:178,0
DA:202,0
DA:219,0
DA:220,0
DA:229,0
DA:230,0
DA:234,0
LF:84
LH:0
BRDA:28,0,0,0
BRDA:28,0,1,0
BRDA:34,1,0,0
BRDA:34,1,1,0
BRDA:38,2,0,0
BRDA:38,2,1,0
BRDA:48,3,0,0
BRDA:48,3,1,0
BRDA:54,4,0,0
BRDA:54,4,1,0
BRDA:66,5,0,0
BRDA:66,5,1,0
BRDA:74,6,0,0
BRDA:74,6,1,0
BRDA:74,7,0,0
BRDA:74,7,1,0
BRDA:77,8,0,0
BRDA:77,8,1,0
BRDA:87,9,0,0
BRDA:87,9,1,0
BRDA:96,10,0,0
BRDA:96,10,1,0
BRDA:100,11,0,0
BRDA:100,11,1,0
BRDA:120,12,0,0
BRDA:120,12,1,0
BRDA:123,13,0,0
BRDA:123,13,1,0
BRDA:128,14,0,0
BRDA:128,14,1,0
BRDA:131,15,0,0
BRDA:131,15,1,0
BRDA:163,16,0,0
BRDA:163,16,1,0
BRDA:171,17,0,0
BRDA:171,17,1,0
BRDA:177,18,0,0
BRDA:177,18,1,0
BRDA:211,19,0,0
BRDA:211,19,1,0
BRDA:229,20,0,0
BRDA:229,20,1,0
BRF:42
BRH:0
end_of_record
TN:
SF:src/pages/Automations.tsx
FN:71,Automations
FN:102,(anonymous_1)
FN:126,(anonymous_2)
FN:130,(anonymous_3)
FN:155,(anonymous_4)
FN:167,(anonymous_5)
FN:174,(anonymous_6)
FN:185,(anonymous_7)
FN:185,(anonymous_8)
FN:186,(anonymous_9)
FN:186,(anonymous_10)
FN:188,(anonymous_11)
FN:189,(anonymous_12)
FN:220,(anonymous_13)
FN:236,(anonymous_14)
FN:245,(anonymous_15)
FN:254,(anonymous_16)
FN:255,(anonymous_17)
FN:255,(anonymous_18)
FN:264,(anonymous_19)
FN:281,(anonymous_20)
FN:290,(anonymous_21)
FN:309,(anonymous_22)
FN:309,(anonymous_23)
FN:317,(anonymous_24)
FN:327,(anonymous_25)
FN:334,(anonymous_26)
FN:374,(anonymous_27)
FN:385,(anonymous_28)
FN:399,(anonymous_29)
FN:402,(anonymous_30)
FN:430,(anonymous_31)
FN:433,(anonymous_32)
FN:461,(anonymous_33)
FN:467,(anonymous_34)
FN:478,(anonymous_35)
FN:487,(anonymous_36)
FN:493,(anonymous_37)
FN:504,(anonymous_38)
FN:511,(anonymous_39)
FN:521,(anonymous_40)
FN:531,(anonymous_41)
FN:571,(anonymous_42)
FN:583,(anonymous_43)
FNF:44
FNH:0
FNDA:0,Automations
FNDA:0,(anonymous_1)
FNDA:0,(anonymous_2)
FNDA:0,(anonymous_3)
FNDA:0,(anonymous_4)
FNDA:0,(anonymous_5)
FNDA:0,(anonymous_6)
FNDA:0,(anonymous_7)
FNDA:0,(anonymous_8)
FNDA:0,(anonymous_9)
FNDA:0,(anonymous_10)
FNDA:0,(anonymous_11)
FNDA:0,(anonymous_12)
FNDA:0,(anonymous_13)
FNDA:0,(anonymous_14)
FNDA:0,(anonymous_15)
FNDA:0,(anonymous_16)
FNDA:0,(anonymous_17)
FNDA:0,(anonymous_18)
FNDA:0,(anonymous_19)
FNDA:0,(anonymous_20)
FNDA:0,(anonymous_21)
FNDA:0,(anonymous_22)
FNDA:0,(anonymous_23)
FNDA:0,(anonymous_24)
FNDA:0,(anonymous_25)
FNDA:0,(anonymous_26)
FNDA:0,(anonymous_27)
FNDA:0,(anonymous_28)
FNDA:0,(anonymous_29)
FNDA:0,(anonymous_30)
FNDA:0,(anonymous_31)
FNDA:0,(anonymous_32)
FNDA:0,(anonymous_33)
FNDA:0,(anonymous_34)
FNDA:0,(anonymous_35)
FNDA:0,(anonymous_36)
FNDA:0,(anonymous_37)
FNDA:0,(anonymous_38)
FNDA:0,(anonymous_39)
FNDA:0,(anonymous_40)
FNDA:0,(anonymous_41)
FNDA:0,(anonymous_42)
FNDA:0,(anonymous_43)
DA:47,0
DA:62,0
DA:72,0
DA:73,0
DA:75,0
DA:81,0
DA:87,0
DA:88,0
DA:89,0
DA:90,0
DA:91,0
DA:92,0
DA:95,0
DA:96,0
DA:97,0
DA:98,0
DA:99,0
DA:100,0
DA:102,0
DA:103,0
DA:104,0
DA:105,0
DA:109,0
DA:110,0
DA:112,0
DA:114,0
DA:115,0
DA:117,0
DA:120,0
DA:121,0
DA:123,0
DA:126,0
DA:127,0
DA:130,0
DA:131,0
DA:132,0
DA:133,0
DA:136,0
DA:146,0
DA:147,0
DA:149,0
DA:150,0
DA:151,0
DA:155,0
DA:156,0
DA:161,0
DA:162,0
DA:163,0
DA:167,0
DA:168,0
DA:169,0
DA:170,0
DA:171,0
DA:174,0
DA:175,0
DA:176,0
DA:177,0
DA:178,0
DA:179,0
DA:180,0
DA:181,0
DA:182,0
DA:185,0
DA:186,0
DA:188,0
DA:189,0
DA:192,0
DA:220,0
DA:236,0
DA:245,0
DA:254,0
DA:255,0
DA:265,0
DA:281,0
DA:291,0
DA:309,0
DA:318,0
DA:319,0
DA:327,0
DA:334,0
DA:374,0
DA:385,0
DA:400,0
DA:403,0
DA:404,0
DA:431,0
DA:434,0
DA:435,0
DA:461,0
DA:467,0
DA:478,0
DA:487,0
DA:493,0
DA:504,0
DA:511,0
DA:521,0
DA:531,0
DA:571,0
DA:584,0
LF:99
LH:0
BRDA:109,0,0,0
BRDA:109,0,1,0
BRDA:109,1,0,0
BRDA:109,1,1,0
BRDA:114,2,0,0
BRDA:114,2,1,0
BRDA:114,3,0,0
BRDA:114,3,1,0
BRDA:131,4,0,0
BRDA:131,4,1,0
BRDA:131,5,0,0
BRDA:131,5,1,0
BRDA:131,5,2,0
BRDA:146,6,0,0
BRDA:146,6,1,0
BRDA:161,7,0,0
BRDA:161,7,1,0
BRDA:162,8,0,0
BRDA:162,8,1,0
BRDA:168,9,0,0
BRDA:168,9,1,0
BRDA:185,10,0,0
BRDA:185,10,1,0
BRDA:186,11,0,0
BRDA:186,11,1,0
BRDA:254,12,0,0
BRDA:254,12,1,0
BRDA:262,13,0,0
BRDA:262,13,1,0
BRDA:271,14,0,0
BRDA:271,14,1,0
BRDA:294,15,0,0
BRDA:294,15,1,0
BRDA:304,16,0,0
BRDA:304,16,1,0
BRDA:311,17,0,0
BRDA:311,17,1,0
BRDA:328,18,0,0
BRDA:328,18,1,0
BRDA:329,19,0,0
BRDA:329,19,1,0
BRDA:331,20,0,0
BRDA:331,20,1,0
BRDA:346,21,0,0
BRDA:346,21,1,0
BRDA:358,22,0,0
BRDA:358,22,1,0
BRDA:407,23,0,0
BRDA:407,23,1,0
BRDA:438,24,0,0
BRDA:438,24,1,0
BRDA:454,25,0,0
BRDA:454,25,1,0
BRDA:457,26,0,0
BRDA:457,26,1,0
BRDA:460,27,0,0
BRDA:460,27,1,0
BRDA:466,28,0,0
BRDA:466,28,1,0
BRDA:474,29,0,0
BRDA:474,29,1,0
BRDA:477,30,0,0
BRDA:477,30,1,0
BRDA:486,31,0,0
BRDA:486,31,1,0
BRDA:492,32,0,0
BRDA:492,32,1,0
BRDA:500,33,0,0
BRDA:500,33,1,0
BRDA:503,34,0,0
BRDA:503,34,1,0
BRDA:510,35,0,0
BRDA:510,35,1,0
BRDA:517,36,0,0
BRDA:517,36,1,0
BRDA:520,37,0,0
BRDA:520,37,1,0
BRDA:528,38,0,0
BRDA:528,38,1,0
BRDA:530,39,0,0
BRDA:530,39,1,0
BRDA:563,40,0,0
BRDA:563,40,1,0
BRDA:563,40,2,0
BRDA:576,41,0,0
BRDA:576,41,1,0
BRDA:586,42,0,0
BRDA:586,42,1,0
BRDA:596,43,0,0
BRDA:596,43,1,0
BRF:90
BRH:0
end_of_record
TN:
SF:src/pages/BrandingSettings.tsx
FN:34,BrandingSettings
FN:40,(anonymous_1)
FN:64,(anonymous_2)
FN:102,(anonymous_3)
FN:107,(anonymous_4)
FN:128,(anonymous_5)
FN:131,(anonymous_6)
FN:158,(anonymous_7)
FN:164,(anonymous_8)
FN:177,(anonymous_9)
FN:183,(anonymous_10)
FN:196,(anonymous_11)
FN:202,(anonymous_12)
FN:214,(anonymous_13)
FN:220,(anonymous_14)
FN:238,(anonymous_15)
FN:244,(anonymous_16)
FN:256,(anonymous_17)
FN:262,(anonymous_18)
FN:346,(anonymous_19)
FN:353,(anonymous_20)
FN:370,(anonymous_21)
FN:380,(anonymous_22)
FN:401,(anonymous_23)
FN:406,(anonymous_24)
FN:425,(anonymous_25)
FN:428,(anonymous_26)
FN:450,(anonymous_27)
FN:453,(anonymous_28)
FN:473,(anonymous_29)
FN:478,(anonymous_30)
FNF:31
FNH:0
FNDA:0,BrandingSettings
FNDA:0,(anonymous_1)
FNDA:0,(anonymous_2)
FNDA:0,(anonymous_3)
FNDA:0,(anonymous_4)
FNDA:0,(anonymous_5)
FNDA:0,(anonymous_6)
FNDA:0,(anonymous_7)
FNDA:0,(anonymous_8)
FNDA:0,(anonymous_9)
FNDA:0,(anonymous_10)
FNDA:0,(anonymous_11)
FNDA:0,(anonymous_12)
FNDA:0,(anonymous_13)
FNDA:0,(anonymous_14)
FNDA:0,(anonymous_15)
FNDA:0,(anonymous_16)
FNDA:0,(anonymous_17)
FNDA:0,(anonymous_18)
FNDA:0,(anonymous_19)
FNDA:0,(anonymous_20)
FNDA:0,(anonymous_21)
FNDA:0,(anonymous_22)
FNDA:0,(anonymous_23)
FNDA:0,(anonymous_24)
FNDA:0,(anonymous_25)
FNDA:0,(anonymous_26)
FNDA:0,(anonymous_27)
FNDA:0,(anonymous_28)
FNDA:0,(anonymous_29)
FNDA:0,(anonymous_30)
DA:9,0
DA:18,0
DA:25,0
DA:35,0
DA:36,0
DA:37,0
DA:38,0
DA:40,0
DA:41,0
DA:42,0
DA:44,0
DA:45,0
DA:46,0
DA:49,0
DA:50,0
DA:51,0
DA:54,0
DA:55,0
DA:56,0
DA:57,0
DA:59,0
DA:61,0
DA:64,0
DA:65,0
DA:66,0
DA:67,0
DA:70,0
DA:71,0
DA:79,0
DA:103,0
DA:104,0
DA:107,0
DA:129,0
DA:131,0
DA:158,0
DA:164,0
DA:177,0
DA:183,0
DA:196,0
DA:202,0
DA:214,0
DA:220,0
DA:238,0
DA:244,0
DA:256,0
DA:262,0
DA:346,0
DA:353,0
DA:370,0
DA:380,0
DA:402,0
DA:403,0
DA:406,0
DA:426,0
DA:428,0
DA:450,0
DA:454,0
DA:474,0
DA:478,0
LF:59
LH:0
BRDA:40,0,0,0
BRDA:42,1,0,0
BRDA:42,1,1,0
BRDA:44,2,0,0
BRDA:44,2,1,0
BRDA:49,3,0,0
BRDA:49,3,1,0
BRDA:56,4,0,0
BRDA:56,4,1,0
BRDA:65,5,0,0
BRDA:65,5,1,0
BRDA:70,6,0,0
BRDA:70,6,1,0
BRDA:109,7,0,0
BRDA:109,7,1,0
BRDA:122,8,0,0
BRDA:122,8,1,0
BRDA:133,9,0,0
BRDA:133,9,1,0
BRDA:290,10,0,0
BRDA:290,10,1,0
BRDA:293,11,0,0
BRDA:293,11,1,0
BRDA:316,12,0,0
BRDA:316,12,1,0
BRDA:326,13,0,0
BRDA:326,13,1,0
BRDA:333,14,0,0
BRDA:333,14,1,0
BRDA:342,15,0,0
BRDA:342,15,1,0
BRDA:369,16,0,0
BRDA:369,16,1,0
BRDA:370,17,0,0
BRDA:370,17,1,0
BRDA:379,18,0,0
BRDA:379,18,1,0
BRDA:380,19,0,0
BRDA:380,19,1,0
BRDA:391,20,0,0
BRDA:391,20,1,0
BRDA:408,21,0,0
BRDA:408,21,1,0
BRDA:413,22,0,0
BRDA:413,22,1,0
BRDA:430,23,0,0
BRDA:430,23,1,0
BRDA:437,24,0,0
BRDA:437,24,1,0
BRDA:437,25,0,0
BRDA:437,25,1,0
BRDA:437,26,0,0
BRDA:437,26,1,0
BRDA:437,27,0,0
BRDA:437,27,1,0
BRDA:437,28,0,0
BRDA:437,28,1,0
BRDA:462,29,0,0
BRDA:462,29,1,0
BRDA:477,30,0,0
BRDA:477,30,1,0
BRDA:478,31,0,0
BRDA:478,31,1,0
BRF:63
BRH:0
end_of_record
TN:
SF:src/pages/CRM.tsx
FN:80,CRM
FN:100,(anonymous_1)
FN:105,(anonymous_2)
FN:106,(anonymous_3)
FN:107,(anonymous_4)
FN:108,(anonymous_5)
FN:110,(anonymous_6)
FN:111,(anonymous_7)
FN:112,(anonymous_8)
FN:114,(anonymous_9)
FN:122,(anonymous_10)
FN:128,(anonymous_11)
FN:141,(anonymous_12)
FN:148,(anonymous_13)
FN:154,(anonymous_14)
FN:170,(anonymous_15)
FN:176,(anonymous_16)
FN:177,(anonymous_17)
FN:177,(anonymous_18)
FN:180,(anonymous_19)
FN:183,(anonymous_20)
FN:186,(anonymous_21)
FN:187,(anonymous_22)
FN:187,(anonymous_23)
FN:191,(anonymous_24)
FN:193,(anonymous_25)
FN:197,(anonymous_26)
FN:208,(anonymous_27)
FN:213,(anonymous_28)
FN:218,(anonymous_29)
FN:238,(anonymous_30)
FN:245,(anonymous_31)
FN:249,(anonymous_32)
FN:267,(anonymous_33)
FN:285,(anonymous_34)
FN:321,(anonymous_35)
FN:326,(anonymous_36)
FN:328,(anonymous_37)
FN:330,(anonymous_38)
FN:338,(anonymous_39)
FN:341,(anonymous_40)
FN:344,(anonymous_41)
FN:351,(anonymous_42)
FN:354,(anonymous_43)
FN:357,(anonymous_44)
FN:364,(anonymous_45)
FN:365,(anonymous_46)
FN:368,(anonymous_47)
FN:375,(anonymous_48)
FN:375,(anonymous_49)
FN:380,(anonymous_50)
FN:380,(anonymous_51)
FN:384,(anonymous_52)
FN:384,(anonymous_53)
FN:390,(anonymous_54)
FN:390,(anonymous_55)
FN:394,(anonymous_56)
FN:394,(anonymous_57)
FN:395,(anonymous_58)
FN:401,(anonymous_59)
FN:401,(anonymous_60)
FN:402,(anonymous_61)
FN:407,(anonymous_62)
FN:407,(anonymous_63)
FN:414,(anonymous_64)
FN:414,(anonymous_65)
FN:418,(anonymous_66)
FN:418,(anonymous_67)
FN:423,(anonymous_68)
FN:423,(anonymous_69)
FN:427,(anonymous_70)
FN:427,(anonymous_71)
FN:434,(anonymous_72)
FN:451,(anonymous_73)
FN:454,(anonymous_74)
FN:455,(anonymous_75)
FN:457,(anonymous_76)
FN:483,(anonymous_77)
FN:484,(anonymous_78)
FN:485,(anonymous_79)
FN:489,(anonymous_80)
FN:491,(anonymous_81)
FN:492,(anonymous_82)
FN:493,(anonymous_83)
FN:495,(anonymous_84)
FN:517,(anonymous_85)
FN:520,(anonymous_86)
FN:559,(anonymous_87)
FN:560,(anonymous_88)
FN:561,(anonymous_89)
FN:575,(anonymous_90)
FN:576,(anonymous_91)
FN:599,(anonymous_92)
FN:600,(anonymous_93)
FN:603,(anonymous_94)
FN:608,(anonymous_95)
FN:608,(anonymous_96)
FN:613,(anonymous_97)
FN:613,(anonymous_98)
FN:617,(anonymous_99)
FN:617,(anonymous_100)
FN:622,(anonymous_101)
FN:622,(anonymous_102)
FN:622,(anonymous_103)
FN:622,(anonymous_104)
FN:622,(anonymous_105)
FN:623,(anonymous_106)
FN:628,(anonymous_107)
FN:628,(anonymous_108)
FN:632,(anonymous_109)
FN:633,(anonymous_110)
FN:633,(anonymous_111)
FN:633,(anonymous_112)
FN:633,(anonymous_113)
FNF:114
FNH:0
FNDA:0,CRM
FNDA:0,(anonymous_1)
FNDA:0,(anonymous_2)
FNDA:0,(anonymous_3)
FNDA:0,(anonymous_4)
FNDA:0,(anonymous_5)
FNDA:0,(anonymous_6)
FNDA:0,(anonymous_7)
FNDA:0,(anonymous_8)
FNDA:0,(anonymous_9)
FNDA:0,(anonymous_10)
FNDA:0,(anonymous_11)
FNDA:0,(anonymous_12)
FNDA:0,(anonymous_13)
FNDA:0,(anonymous_14)
FNDA:0,(anonymous_15)
FNDA:0,(anonymous_16)
FNDA:0,(anonymous_17)
FNDA:0,(anonymous_18)
FNDA:0,(anonymous_19)
FNDA:0,(anonymous_20)
FNDA:0,(anonymous_21)
FNDA:0,(anonymous_22)
FNDA:0,(anonymous_23)
FNDA:0,(anonymous_24)
FNDA:0,(anonymous_25)
FNDA:0,(anonymous_26)
FNDA:0,(anonymous_27)
FNDA:0,(anonymous_28)
FNDA:0,(anonymous_29)
FNDA:0,(anonymous_30)
FNDA:0,(anonymous_31)
FNDA:0,(anonymous_32)
FNDA:0,(anonymous_33)
FNDA:0,(anonymous_34)
FNDA:0,(anonymous_35)
FNDA:0,(anonymous_36)
FNDA:0,(anonymous_37)
FNDA:0,(anonymous_38)
FNDA:0,(anonymous_39)
FNDA:0,(anonymous_40)
FNDA:0,(anonymous_41)
FNDA:0,(anonymous_42)
FNDA:0,(anonymous_43)
FNDA:0,(anonymous_44)
FNDA:0,(anonymous_45)
FNDA:0,(anonymous_46)
FNDA:0,(anonymous_47)
FNDA:0,(anonymous_48)
FNDA:0,(anonymous_49)
FNDA:0,(anonymous_50)
FNDA:0,(anonymous_51)
FNDA:0,(anonymous_52)
FNDA:0,(anonymous_53)
FNDA:0,(anonymous_54)
FNDA:0,(anonymous_55)
FNDA:0,(anonymous_56)
FNDA:0,(anonymous_57)
FNDA:0,(anonymous_58)
FNDA:0,(anonymous_59)
FNDA:0,(anonymous_60)
FNDA:0,(anonymous_61)
FNDA:0,(anonymous_62)
FNDA:0,(anonymous_63)
FNDA:0,(anonymous_64)
FNDA:0,(anonymous_65)
FNDA:0,(anonymous_66)
FNDA:0,(anonymous_67)
FNDA:0,(anonymous_68)
FNDA:0,(anonymous_69)
FNDA:0,(anonymous_70)
FNDA:0,(anonymous_71)
FNDA:0,(anonymous_72)
FNDA:0,(anonymous_73)
FNDA:0,(anonymous_74)
FNDA:0,(anonymous_75)
FNDA:0,(anonymous_76)
FNDA:0,(anonymous_77)
FNDA:0,(anonymous_78)
FNDA:0,(anonymous_79)
FNDA:0,(anonymous_80)
FNDA:0,(anonymous_81)
FNDA:0,(anonymous_82)
FNDA:0,(anonymous_83)
FNDA:0,(anonymous_84)
FNDA:0,(anonymous_85)
FNDA:0,(anonymous_86)
FNDA:0,(anonymous_87)
FNDA:0,(anonymous_88)
FNDA:0,(anonymous_89)
FNDA:0,(anonymous_90)
FNDA:0,(anonymous_91)
FNDA:0,(anonymous_92)
FNDA:0,(anonymous_93)
FNDA:0,(anonymous_94)
FNDA:0,(anonymous_95)
FNDA:0,(anonymous_96)
FNDA:0,(anonymous_97)
FNDA:0,(anonymous_98)
FNDA:0,(anonymous_99)
FNDA:0,(anonymous_100)
FNDA:0,(anonymous_101)
FNDA:0,(anonymous_102)
FNDA:0,(anonymous_103)
FNDA:0,(anonymous_104)
FNDA:0,(anonymous_105)
FNDA:0,(anonymous_106)
FNDA:0,(anonymous_107)
FNDA:0,(anonymous_108)
FNDA:0,(anonymous_109)
FNDA:0,(anonymous_110)
FNDA:0,(anonymous_111)
FNDA:0,(anonymous_112)
FNDA:0,(anonymous_113)
DA:44,0
DA:53,0
DA:62,0
DA:72,0
DA:81,0
DA:82,0
DA:83,0
DA:84,0
DA:85,0
DA:86,0
DA:87,0
DA:88,0
DA:89,0
DA:90,0
DA:92,0
DA:96,0
DA:100,0
DA:101,0
DA:102,0
DA:105,0
DA:106,0
DA:107,0
DA:108,0
DA:110,0
DA:111,0
DA:112,0
DA:114,0
DA:115,0
DA:117,0
DA:118,0
DA:119,0
DA:122,0
DA:123,0
DA:128,0
DA:129,0
DA:130,0
DA:131,0
DA:133,0
DA:141,0
DA:148,0
DA:149,0
DA:150,0
DA:151,0
DA:154,0
DA:155,0
DA:156,0
DA:157,0
DA:159,0
DA:170,0
DA:171,0
DA:172,0
DA:173,0
DA:176,0
DA:177,0
DA:180,0
DA:183,0
DA:186,0
DA:187,0
DA:188,0
DA:191,0
DA:192,0
DA:193,0
DA:197,0
DA:198,0
DA:199,0
DA:200,0
DA:201,0
DA:202,0
DA:203,0
DA:204,0
DA:205,0
DA:208,0
DA:209,0
DA:210,0
DA:212,0
DA:213,0
DA:214,0
DA:215,0
DA:216,0
DA:218,0
DA:219,0
DA:220,0
DA:221,0
DA:238,0
DA:239,0
DA:241,0
DA:242,0
DA:245,0
DA:246,0
DA:249,0
DA:250,0
DA:251,0
DA:252,0
DA:253,0
DA:254,0
DA:255,0
DA:258,0
DA:267,0
DA:285,0
DA:321,0
DA:326,0
DA:328,0
DA:330,0
DA:338,0
DA:341,0
DA:344,0
DA:351,0
DA:354,0
DA:357,0
DA:364,0
DA:365,0
DA:368,0
DA:375,0
DA:380,0
DA:384,0
DA:390,0
DA:394,0
DA:395,0
DA:401,0
DA:402,0
DA:407,0
DA:414,0
DA:418,0
DA:423,0
DA:427,0
DA:434,0
DA:451,0
DA:455,0
DA:456,0
DA:457,0
DA:483,0
DA:484,0
DA:485,0
DA:489,0
DA:491,0
DA:492,0
DA:493,0
DA:495,0
DA:517,0
DA:521,0
DA:560,0
DA:561,0
DA:562,0
DA:576,0
DA:599,0
DA:600,0
DA:603,0
DA:608,0
DA:613,0
DA:617,0
DA:622,0
DA:623,0
DA:628,0
DA:632,0
DA:633,0
LF:155
LH:0
BRDA:115,0,0,0
BRDA:115,0,1,0
BRDA:117,1,0,0
BRDA:117,1,1,0
BRDA:118,2,0,0
BRDA:118,2,1,0
BRDA:119,3,0,0
BRDA:119,3,1,0
BRDA:119,3,2,0
BRDA:123,4,0,0
BRDA:123,4,1,0
BRDA:123,4,2,0
BRDA:129,5,0,0
BRDA:129,5,1,0
BRDA:129,6,0,0
BRDA:129,6,1,0
BRDA:140,7,0,0
BRDA:140,7,1,0
BRDA:141,8,0,0
BRDA:141,8,1,0
BRDA:155,9,0,0
BRDA:155,9,1,0
BRDA:177,10,0,0
BRDA:177,10,1,0
BRDA:180,11,0,0
BRDA:180,11,1,0
BRDA:210,12,0,0
BRDA:210,12,1,0
BRDA:219,13,0,0
BRDA:219,13,1,0
BRDA:223,14,0,0
BRDA:223,14,1,0
BRDA:224,15,0,0
BRDA:224,15,1,0
BRDA:225,16,0,0
BRDA:225,16,1,0
BRDA:226,17,0,0
BRDA:226,17,1,0
BRDA:227,18,0,0
BRDA:227,18,1,0
BRDA:228,19,0,0
BRDA:228,19,1,0
BRDA:232,20,0,0
BRDA:232,20,1,0
BRDA:233,21,0,0
BRDA:233,21,1,0
BRDA:252,22,0,0
BRDA:252,22,1,0
BRDA:253,23,0,0
BRDA:253,23,1,0
BRDA:254,24,0,0
BRDA:254,24,1,0
BRDA:330,25,0,0
BRDA:330,25,1,0
BRDA:331,26,0,0
BRDA:331,26,1,0
BRDA:338,27,0,0
BRDA:338,27,1,0
BRDA:341,28,0,0
BRDA:341,28,1,0
BRDA:344,29,0,0
BRDA:344,29,1,0
BRDA:363,30,0,0
BRDA:363,30,1,0
BRDA:367,31,0,0
BRDA:367,31,1,0
BRDA:371,32,0,0
BRDA:371,32,1,0
BRDA:435,33,0,0
BRDA:435,33,1,0
BRDA:436,34,0,0
BRDA:436,34,1,0
BRDA:444,35,0,0
BRDA:444,35,1,0
BRDA:446,36,0,0
BRDA:446,36,1,0
BRDA:466,37,0,0
BRDA:466,37,1,0
BRDA:474,38,0,0
BRDA:474,38,1,0
BRDA:481,39,0,0
BRDA:481,39,1,0
BRDA:510,40,0,0
BRDA:510,40,1,0
BRDA:512,41,0,0
BRDA:512,41,1,0
BRDA:528,42,0,0
BRDA:528,42,1,0
BRDA:540,43,0,0
BRDA:540,43,1,0
BRDA:556,44,0,0
BRDA:556,44,1,0
BRDA:572,45,0,0
BRDA:572,45,1,0
BRDA:598,46,0,0
BRDA:598,46,1,0
BRDA:622,47,0,0
BRDA:622,47,1,0
BRDA:622,48,0,0
BRDA:622,48,1,0
BRDA:633,49,0,0
BRDA:633,49,1,0
BRDA:633,50,0,0
BRDA:633,50,1,0
BRDA:633,51,0,0
BRDA:633,51,1,0
BRF:106
BRH:0
end_of_record
TN:
SF:src/pages/Calendar.tsx
FN:54,Calendar
FN:77,(anonymous_1)
FN:112,(anonymous_2)
FN:116,(anonymous_3)
FN:136,(anonymous_4)
FN:137,(anonymous_5)
FN:143,(anonymous_6)
FN:147,(anonymous_7)
FN:151,(anonymous_8)
FN:156,(anonymous_9)
FN:171,(anonymous_10)
FN:184,(anonymous_11)
FN:243,(anonymous_12)
FN:285,(anonymous_13)
FN:298,(anonymous_14)
FN:307,(anonymous_15)
FN:319,(anonymous_16)
FN:335,(anonymous_17)
FN:347,(anonymous_18)
FN:352,(anonymous_19)
FN:380,(anonymous_20)
FN:391,(anonymous_21)
FN:399,(anonymous_22)
FN:442,(anonymous_23)
FN:454,(anonymous_24)
FN:462,(anonymous_25)
FN:465,(anonymous_26)
FN:484,(anonymous_27)
FN:495,(anonymous_28)
FN:504,(anonymous_29)
FN:516,(anonymous_30)
FN:527,(anonymous_31)
FN:538,(anonymous_32)
FN:559,(anonymous_33)
FNF:34
FNH:0
FNDA:0,Calendar
FNDA:0,(anonymous_1)
FNDA:0,(anonymous_2)
FNDA:0,(anonymous_3)
FNDA:0,(anonymous_4)
FNDA:0,(anonymous_5)
FNDA:0,(anonymous_6)
FNDA:0,(anonymous_7)
FNDA:0,(anonymous_8)
FNDA:0,(anonymous_9)
FNDA:0,(anonymous_10)
FNDA:0,(anonymous_11)
FNDA:0,(anonymous_12)
FNDA:0,(anonymous_13)
FNDA:0,(anonymous_14)
FNDA:0,(anonymous_15)
FNDA:0,(anonymous_16)
FNDA:0,(anonymous_17)
FNDA:0,(anonymous_18)
FNDA:0,(anonymous_19)
FNDA:0,(anonymous_20)
FNDA:0,(anonymous_21)
FNDA:0,(anonymous_22)
FNDA:0,(anonymous_23)
FNDA:0,(anonymous_24)
FNDA:0,(anonymous_25)
FNDA:0,(anonymous_26)
FNDA:0,(anonymous_27)
FNDA:0,(anonymous_28)
FNDA:0,(anonymous_29)
FNDA:0,(anonymous_30)
FNDA:0,(anonymous_31)
FNDA:0,(anonymous_32)
FNDA:0,(anonymous_33)
DA:30,0
DA:31,0
DA:33,0
DA:41,0
DA:48,0
DA:55,0
DA:56,0
DA:57,0
DA:58,0
DA:59,0
DA:60,0
DA:61,0
DA:62,0
DA:63,0
DA:64,0
DA:67,0
DA:68,0
DA:69,0
DA:70,0
DA:71,0
DA:72,0
DA:73,0
DA:74,0
DA:75,0
DA:77,0
DA:78,0
DA:81,0
DA:82,0
DA:83,0
DA:84,0
DA:85,0
DA:88,0
DA:89,0
DA:90,0
DA:92,0
DA:97,0
DA:99,0
DA:100,0
DA:102,0
DA:103,0
DA:106,0
DA:107,0
DA:109,0
DA:112,0
DA:113,0
DA:116,0
DA:117,0
DA:118,0
DA:119,0
DA:120,0
DA:121,0
DA:124,0
DA:125,0
DA:129,0
DA:130,0
DA:133,0
DA:136,0
DA:137,0
DA:138,0
DA:139,0
DA:143,0
DA:144,0
DA:147,0
DA:148,0
DA:151,0
DA:152,0
DA:153,0
DA:156,0
DA:157,0
DA:158,0
DA:159,0
DA:160,0
DA:161,0
DA:162,0
DA:163,0
DA:164,0
DA:165,0
DA:166,0
DA:167,0
DA:168,0
DA:171,0
DA:172,0
DA:173,0
DA:174,0
DA:175,0
DA:176,0
DA:177,0
DA:178,0
DA:179,0
DA:180,0
DA:181,0
DA:184,0
DA:185,0
DA:186,0
DA:187,0
DA:190,0
DA:194,0
DA:198,0
DA:200,0
DA:213,0
DA:214,0
DA:216,0
DA:217,0
DA:218,0
DA:222,0
DA:233,0
DA:234,0
DA:236,0
DA:237,0
DA:238,0
DA:243,0
DA:244,0
DA:245,0
DA:247,0
DA:248,0
DA:249,0
DA:250,0
DA:253,0
DA:254,0
DA:256,0
DA:285,0
DA:299,0
DA:308,0
DA:309,0
DA:312,0
DA:313,0
DA:314,0
DA:316,0
DA:319,0
DA:336,0
DA:337,0
DA:348,0
DA:349,0
DA:353,0
DA:354,0
DA:380,0
DA:392,0
DA:393,0
DA:394,0
DA:396,0
DA:399,0
DA:442,0
DA:454,0
DA:463,0
DA:465,0
DA:484,0
DA:495,0
DA:504,0
DA:516,0
DA:527,0
DA:538,0
DA:559,0
LF:152
LH:0
BRDA:81,0,0,0
BRDA:81,0,1,0
BRDA:81,1,0,0
BRDA:81,1,1,0
BRDA:99,2,0,0
BRDA:99,2,1,0
BRDA:99,3,0,0
BRDA:99,3,1,0
BRDA:99,3,2,0
BRDA:102,4,0,0
BRDA:102,4,1,0
BRDA:157,5,0,0
BRDA:157,5,1,0
BRDA:174,6,0,0
BRDA:174,6,1,0
BRDA:180,7,0,0
BRDA:180,7,1,0
BRDA:185,8,0,0
BRDA:185,8,1,0
BRDA:190,9,0,0
BRDA:190,9,1,0
BRDA:194,10,0,0
BRDA:194,10,1,0
BRDA:198,11,0,0
BRDA:198,11,1,0
BRDA:213,12,0,0
BRDA:213,12,1,0
BRDA:233,13,0,0
BRDA:233,13,1,0
BRDA:244,14,0,0
BRDA:244,14,1,0
BRDA:245,15,0,0
BRDA:245,15,1,0
BRDA:308,16,0,0
BRDA:308,16,1,0
BRDA:321,17,0,0
BRDA:321,17,1,0
BRDA:327,18,0,0
BRDA:327,18,1,0
BRDA:348,19,0,0
BRDA:348,19,1,0
BRDA:362,20,0,0
BRDA:362,20,1,0
BRDA:373,21,0,0
BRDA:373,21,1,0
BRDA:387,22,0,0
BRDA:387,22,1,0
BRDA:392,23,0,0
BRDA:392,23,1,0
BRDA:394,24,0,0
BRDA:394,24,1,0
BRDA:406,25,0,0
BRDA:406,25,1,0
BRDA:410,26,0,0
BRDA:410,26,1,0
BRDA:413,27,0,0
BRDA:413,27,1,0
BRDA:414,28,0,0
BRDA:414,28,1,0
BRDA:434,29,0,0
BRDA:434,29,1,0
BRDA:439,30,0,0
BRDA:439,30,1,0
BRDA:467,31,0,0
BRDA:467,31,1,0
BRDA:488,32,0,0
BRDA:488,32,1,0
BRDA:547,33,0,0
BRDA:547,33,1,0
BRDA:568,34,0,0
BRDA:568,34,1,0
BRF:71
BRH:0
end_of_record
TN:
SF:src/pages/Campaigns.tsx
FN:63,Campaigns
FN:84,(anonymous_1)
FN:121,(anonymous_2)
FN:125,(anonymous_3)
FN:149,(anonymous_4)
FN:189,(anonymous_5)
FN:209,(anonymous_6)
FN:216,(anonymous_7)
FN:225,(anonymous_8)
FN:230,(anonymous_9)
FN:236,(anonymous_10)
FN:237,(anonymous_11)
FN:238,(anonymous_12)
FN:239,(anonymous_13)
FN:239,(anonymous_14)
FN:239,(anonymous_15)
FN:241,(anonymous_16)
FN:242,(anonymous_17)
FN:242,(anonymous_18)
FN:242,(anonymous_19)
FN:272,(anonymous_20)
FN:285,(anonymous_21)
FN:290,(anonymous_22)
FN:342,(anonymous_23)
FN:355,(anonymous_24)
FN:364,(anonymous_25)
FN:379,(anonymous_26)
FN:387,(anonymous_27)
FN:437,(anonymous_28)
FN:448,(anonymous_29)
FN:487,(anonymous_30)
FN:497,(anonymous_31)
FN:507,(anonymous_32)
FN:517,(anonymous_33)
FN:532,(anonymous_34)
FNF:35
FNH:0
FNDA:0,Campaigns
FNDA:0,(anonymous_1)
FNDA:0,(anonymous_2)
FNDA:0,(anonymous_3)
FNDA:0,(anonymous_4)
FNDA:0,(anonymous_5)
FNDA:0,(anonymous_6)
FNDA:0,(anonymous_7)
FNDA:0,(anonymous_8)
FNDA:0,(anonymous_9)
FNDA:0,(anonymous_10)
FNDA:0,(anonymous_11)
FNDA:0,(anonymous_12)
FNDA:0,(anonymous_13)
FNDA:0,(anonymous_14)
FNDA:0,(anonymous_15)
FNDA:0,(anonymous_16)
FNDA:0,(anonymous_17)
FNDA:0,(anonymous_18)
FNDA:0,(anonymous_19)
FNDA:0,(anonymous_20)
FNDA:0,(anonymous_21)
FNDA:0,(anonymous_22)
FNDA:0,(anonymous_23)
FNDA:0,(anonymous_24)
FNDA:0,(anonymous_25)
FNDA:0,(anonymous_26)
FNDA:0,(anonymous_27)
FNDA:0,(anonymous_28)
FNDA:0,(anonymous_29)
FNDA:0,(anonymous_30)
FNDA:0,(anonymous_31)
FNDA:0,(anonymous_32)
FNDA:0,(anonymous_33)
FNDA:0,(anonymous_34)
DA:41,0
DA:51,0
DA:57,0
DA:64,0
DA:65,0
DA:68,0
DA:69,0
DA:70,0
DA:71,0
DA:72,0
DA:73,0
DA:74,0
DA:77,0
DA:78,0
DA:79,0
DA:80,0
DA:81,0
DA:82,0
DA:84,0
DA:85,0
DA:87,0
DA:88,0
DA:89,0
DA:90,0
DA:91,0
DA:94,0
DA:95,0
DA:99,0
DA:104,0
DA:105,0
DA:107,0
DA:109,0
DA:110,0
DA:112,0
DA:115,0
DA:116,0
DA:118,0
DA:121,0
DA:122,0
DA:125,0
DA:126,0
DA:127,0
DA:128,0
DA:131,0
DA:140,0
DA:141,0
DA:143,0
DA:144,0
DA:145,0
DA:149,0
DA:150,0
DA:151,0
DA:152,0
DA:156,0
DA:161,0
DA:162,0
DA:163,0
DA:166,0
DA:168,0
DA:172,0
DA:173,0
DA:176,0
DA:178,0
DA:180,0
DA:186,0
DA:189,0
DA:190,0
DA:191,0
DA:192,0
DA:193,0
DA:195,0
DA:201,0
DA:202,0
DA:204,0
DA:205,0
DA:209,0
DA:210,0
DA:211,0
DA:212,0
DA:213,0
DA:216,0
DA:217,0
DA:218,0
DA:219,0
DA:220,0
DA:221,0
DA:222,0
DA:225,0
DA:226,0
DA:227,0
DA:230,0
DA:231,0
DA:232,0
DA:235,0
DA:236,0
DA:237,0
DA:238,0
DA:239,0
DA:241,0
DA:242,0
DA:246,0
DA:272,0
DA:286,0
DA:287,0
DA:290,0
DA:343,0
DA:355,0
DA:365,0
DA:379,0
DA:387,0
DA:438,0
DA:449,0
DA:487,0
DA:497,0
DA:507,0
DA:517,0
DA:532,0
LF:117
LH:0
BRDA:87,0,0,0
BRDA:87,0,1,0
BRDA:104,1,0,0
BRDA:104,1,1,0
BRDA:104,2,0,0
BRDA:104,2,1,0
BRDA:109,3,0,0
BRDA:109,3,1,0
BRDA:109,4,0,0
BRDA:109,4,1,0
BRDA:126,5,0,0
BRDA:126,5,1,0
BRDA:126,6,0,0
BRDA:126,6,1,0
BRDA:135,7,0,0
BRDA:135,7,1,0
BRDA:135,8,0,0
BRDA:135,8,1,0
BRDA:140,9,0,0
BRDA:140,9,1,0
BRDA:150,10,0,0
BRDA:150,10,1,0
BRDA:161,11,0,0
BRDA:161,11,1,0
BRDA:172,12,0,0
BRDA:172,12,1,0
BRDA:178,13,0,0
BRDA:178,13,1,0
BRDA:191,14,0,0
BRDA:191,14,1,0
BRDA:192,15,0,0
BRDA:192,15,1,0
BRDA:193,16,0,0
BRDA:193,16,1,0
BRDA:197,17,0,0
BRDA:197,17,1,0
BRDA:198,18,0,0
BRDA:198,18,1,0
BRDA:201,19,0,0
BRDA:201,19,1,0
BRDA:210,20,0,0
BRDA:210,20,1,0
BRDA:226,21,0,0
BRDA:226,21,1,0
BRDA:231,22,0,0
BRDA:231,22,1,0
BRDA:237,23,0,0
BRDA:237,23,1,0
BRDA:238,24,0,0
BRDA:238,24,1,0
BRDA:241,25,0,0
BRDA:241,25,1,0
BRDA:249,26,0,0
BRDA:249,26,1,0
BRDA:292,27,0,0
BRDA:292,27,1,0
BRDA:305,28,0,0
BRDA:305,28,1,0
BRDA:340,29,0,0
BRDA:340,29,1,0
BRDA:349,30,0,0
BRDA:349,30,1,0
BRDA:377,31,0,0
BRDA:377,31,1,0
BRDA:399,32,0,0
BRDA:399,32,1,0
BRDA:409,33,0,0
BRDA:409,33,1,0
BRDA:423,34,0,0
BRDA:423,34,1,0
BRDA:442,35,0,0
BRDA:442,35,1,0
BRDA:442,36,0,0
BRDA:442,36,1,0
BRDA:443,37,0,0
BRDA:443,37,1,0
BRDA:443,38,0,0
BRDA:443,38,1,0
BRDA:454,39,0,0
BRDA:454,39,1,0
BRDA:461,40,0,0
BRDA:461,40,1,0
BRDA:472,41,0,0
BRDA:472,41,1,0
BRF:84
BRH:0
end_of_record
TN:
SF:src/pages/CashFlow.tsx
FN:47,CashFlow
FN:60,(anonymous_1)
FN:81,(anonymous_2)
FN:88,(anonymous_3)
FN:94,(anonymous_4)
FN:103,(anonymous_5)
FN:107,(anonymous_6)
FN:131,(anonymous_7)
FN:137,(anonymous_8)
FN:142,(anonymous_9)
FN:143,(anonymous_10)
FN:146,(anonymous_11)
FN:188,(anonymous_12)
FN:194,(anonymous_13)
FN:202,(anonymous_14)
FN:206,(anonymous_15)
FN:213,(anonymous_16)
FN:220,(anonymous_17)
FN:235,(anonymous_18)
FN:247,(anonymous_19)
FN:250,(anonymous_20)
FN:265,(anonymous_21)
FN:286,(anonymous_22)
FN:305,(anonymous_23)
FNF:24
FNH:0
FNDA:0,CashFlow
FNDA:0,(anonymous_1)
FNDA:0,(anonymous_2)
FNDA:0,(anonymous_3)
FNDA:0,(anonymous_4)
FNDA:0,(anonymous_5)
FNDA:0,(anonymous_6)
FNDA:0,(anonymous_7)
FNDA:0,(anonymous_8)
FNDA:0,(anonymous_9)
FNDA:0,(anonymous_10)
FNDA:0,(anonymous_11)
FNDA:0,(anonymous_12)
FNDA:0,(anonymous_13)
FNDA:0,(anonymous_14)
FNDA:0,(anonymous_15)
FNDA:0,(anonymous_16)
FNDA:0,(anonymous_17)
FNDA:0,(anonymous_18)
FNDA:0,(anonymous_19)
FNDA:0,(anonymous_20)
FNDA:0,(anonymous_21)
FNDA:0,(anonymous_22)
FNDA:0,(anonymous_23)
DA:26,0
DA:32,0
DA:41,0
DA:48,0
DA:49,0
DA:50,0
DA:51,0
DA:52,0
DA:53,0
DA:54,0
DA:55,0
DA:56,0
DA:57,0
DA:58,0
DA:60,0
DA:61,0
DA:63,0
DA:64,0
DA:65,0
DA:66,0
DA:67,0
DA:70,0
DA:71,0
DA:76,0
DA:77,0
DA:80,0
DA:81,0
DA:82,0
DA:83,0
DA:84,0
DA:85,0
DA:87,0
DA:88,0
DA:94,0
DA:95,0
DA:97,0
DA:98,0
DA:100,0
DA:103,0
DA:104,0
DA:107,0
DA:108,0
DA:109,0
DA:110,0
DA:112,0
DA:120,0
DA:121,0
DA:123,0
DA:124,0
DA:125,0
DA:126,0
DA:127,0
DA:131,0
DA:132,0
DA:133,0
DA:134,0
DA:137,0
DA:138,0
DA:139,0
DA:142,0
DA:143,0
DA:144,0
DA:146,0
DA:148,0
DA:188,0
DA:194,0
DA:202,0
DA:207,0
DA:213,0
DA:220,0
DA:235,0
DA:248,0
DA:250,0
DA:266,0
DA:286,0
DA:306,0
LF:76
LH:0
BRDA:63,0,0,0
BRDA:63,0,1,0
BRDA:76,1,0,0
BRDA:76,1,1,0
BRDA:83,2,0,0
BRDA:83,2,1,0
BRDA:84,3,0,0
BRDA:84,3,1,0
BRDA:108,4,0,0
BRDA:108,4,1,0
BRDA:108,5,0,0
BRDA:108,5,1,0
BRDA:116,6,0,0
BRDA:116,6,1,0
BRDA:120,7,0,0
BRDA:120,7,1,0
BRDA:123,8,0,0
BRDA:123,8,1,0
BRDA:138,9,0,0
BRDA:138,9,1,0
BRDA:142,10,0,0
BRDA:142,10,1,0
BRDA:143,11,0,0
BRDA:143,11,1,0
BRDA:176,12,0,0
BRDA:176,12,1,0
BRDA:189,13,0,0
BRDA:189,13,1,0
BRDA:195,14,0,0
BRDA:195,14,1,0
BRDA:226,15,0,0
BRDA:226,15,1,0
BRDA:252,16,0,0
BRDA:252,16,1,0
BRDA:261,17,0,0
BRDA:261,17,1,0
BRDA:269,18,0,0
BRDA:269,18,1,0
BRDA:271,19,0,0
BRDA:271,19,1,0
BRDA:275,20,0,0
BRDA:275,20,1,0
BRDA:280,21,0,0
BRDA:280,21,1,0
BRDA:281,22,0,0
BRDA:281,22,1,0
BRDA:294,23,0,0
BRDA:294,23,1,0
BRDA:301,24,0,0
BRDA:301,24,1,0
BRDA:311,25,0,0
BRDA:311,25,1,0
BRDA:312,26,0,0
BRDA:312,26,1,0
BRF:54
BRH:0
end_of_record
TN:
SF:src/pages/Chat.tsx
FN:65,Chat
FN:79,(anonymous_1)
FN:83,(anonymous_2)
FN:111,(anonymous_3)
FN:133,(anonymous_4)
FN:135,(anonymous_5)
FN:148,(anonymous_6)
FN:152,(anonymous_7)
FN:164,(anonymous_8)
FN:176,(anonymous_9)
FN:181,(anonymous_10)
FN:186,(anonymous_11)
FN:201,(anonymous_12)
FN:221,(anonymous_13)
FN:234,(anonymous_14)
FN:265,(anonymous_15)
FN:268,(anonymous_16)
FN:275,(anonymous_17)
FN:279,(anonymous_18)
FN:284,(anonymous_19)
FN:286,(anonymous_20)
FN:286,(anonymous_21)
FN:290,(anonymous_22)
FN:295,(anonymous_23)
FN:308,(anonymous_24)
FN:332,(anonymous_25)
FN:335,(anonymous_26)
FN:361,(anonymous_27)
FN:365,(anonymous_28)
FN:373,(anonymous_29)
FN:389,(anonymous_30)
FN:416,(anonymous_31)
FN:423,(anonymous_32)
FN:442,(anonymous_33)
FN:452,(anonymous_34)
FN:459,(anonymous_35)
FN:462,(anonymous_36)
FN:488,(anonymous_37)
FN:492,(anonymous_38)
FN:498,(anonymous_39)
[...]
DA:90,0
DA:91,0
DA:94,0
DA:95,0
DA:98,0
DA:99,0
DA:100,0
DA:103,0
DA:112,0
DA:113,0
DA:115,0
DA:116,0
DA:117,0
DA:118,0
DA:121,0
DA:122,0
DA:123,0
DA:124,0
DA:128,0
DA:137,0
DA:139,0
DA:140,0
DA:141,0
DA:145,0
DA:147,0
DA:157,0
DA:158,0
DA:159,0
DA:160,0
DA:163,0
DA:164,0
DA:165,0
DA:167,0
DA:168,0
DA:169,0
DA:170,0
DA:173,0
DA:174,0
DA:176,0
DA:180,0
DA:181,0
DA:182,0
DA:183,0
DA:184,0
DA:185,0
DA:186,0
DA:189,0
DA:190,0
DA:198,0
DA:201,0
DA:202,0
DA:210,0
DA:221,0
DA:231,0
DA:409,0
DA:468,0
DA:514,0
DA:522,0
DA:523,0
DA:536,0
DA:537,0
LF:92
LH:0
BRDA:62,0,0,0
BRDA:62,0,1,0
BRDA:71,1,0,0
BRDA:71,1,1,0
BRDA:86,2,0,0
BRDA:86,2,1,0
BRDA:95,3,0,0
BRDA:95,3,1,0
BRDA:100,4,0,0
BRDA:100,4,1,0
BRDA:122,5,0,0
BRDA:122,5,1,0
BRDA:122,6,0,0
BRDA:122,6,1,0
BRDA:130,7,0,0
BRDA:130,7,1,0
BRDA:139,8,0,0
BRDA:139,8,1,0
BRDA:164,9,0,0
BRDA:164,9,1,0
BRDA:165,10,0,0
BRDA:165,10,1,0
BRDA:198,11,0,0
BRDA:198,11,1,0
BRDA:201,12,0,0
BRDA:201,12,1,0
BRDA:223,13,0,0
BRDA:223,13,1,0
BRDA:233,14,0,0
BRDA:233,14,1,0
BRDA:242,15,0,0
BRDA:242,15,1,0
BRDA:248,16,0,0
BRDA:248,16,1,0
BRDA:250,17,0,0
BRDA:250,17,1,0
BRDA:259,18,0,0
BRDA:259,18,1,0
BRDA:264,19,0,0
BRDA:264,19,1,0
BRDA:277,20,0,0
BRDA:277,20,1,0
BRDA:314,21,0,0
BRDA:314,21,1,0
BRDA:327,22,0,0
BRDA:327,22,1,0
BRDA:327,22,2,0
BRDA:395,23,0,0
BRDA:395,23,1,0
BRDA:402,24,0,0
BRDA:402,24,1,0
BRDA:411,25,0,0
BRDA:411,25,1,0
BRDA:412,26,0,0
BRDA:412,26,1,0
BRDA:415,27,0,0
BRDA:415,27,1,0
BRDA:417,28,0,0
BRDA:417,28,1,0
BRDA:428,29,0,0
BRDA:428,29,1,0
BRDA:432,30,0,0
BRDA:432,30,1,0
BRDA:442,31,0,0
BRDA:442,31,1,0
BRDA:448,32,0,0
BRDA:448,32,1,0
BRDA:449,33,0,0
BRDA:449,33,1,0
BRDA:454,34,0,0
BRDA:454,34,1,0
BRDA:459,35,0,0
BRDA:459,35,1,0
BRDA:488,36,0,0
BRDA:488,36,1,0
BRF:75
BRH:0
end_of_record
TN:
SF:src/pages/Settings.tsx
FN:5,Settings
FN:40,(anonymous_1)
FNF:2
FNH:0
FNDA:0,Settings
FNDA:0,(anonymous_1)
DA:6,0
DA:8,0
DA:18,0
DA:41,0
DA:42,0
LF:5
LH:0
BRDA:26,0,0,0
BRDA:26,0,1,0
BRDA:26,0,2,0
BRDA:29,1,0,0
BRDA:29,1,1,0
BRDA:29,1,2,0
BRDA:32,2,0,0
BRDA:32,2,1,0
BRF:8
BRH:0
end_of_record
TN:
SF:src/pages/Signup.tsx
FN:6,Signup
FN:21,(anonymous_1)
FN:34,(anonymous_2)
FN:51,(anonymous_3)
FN:97,(anonymous_4)
FN:119,(anonymous_5)
FN:233,(anonymous_6)
FN:247,(anonymous_7)
FN:275,(anonymous_8)
FN:286,(anonymous_9)
FN:307,(anonymous_10)
FN:321,(anonymous_11)
FN:337,(anonymous_12)
FN:345,(anonymous_13)
FN:371,(anonymous_14)
FN:379,(anonymous_15)
FNF:16
FNH:0
FNDA:0,Signup
FNDA:0,(anonymous_1)
FNDA:0,(anonymous_2)
FNDA:0,(anonymous_3)
FNDA:0,(anonymous_4)
FNDA:0,(anonymous_5)
FNDA:0,(anonymous_6)
FNDA:0,(anonymous_7)
FNDA:0,(anonymous_8)
FNDA:0,(anonymous_9)
FNDA:0,(anonymous_10)
FNDA:0,(anonymous_11)
FNDA:0,(anonymous_12)
FNDA:0,(anonymous_13)
FNDA:0,(anonymous_14)
FNDA:0,(anonymous_15)
DA:7,0
DA:8,0
DA:9,0
DA:10,0
DA:11,0
DA:12,0
DA:13,0
DA:14,0
DA:15,0
DA:16,0
DA:17,0
DA:18,0
DA:19,0
DA:21,0
DA:22,0
DA:23,0
DA:24,0
DA:26,0
DA:27,0
DA:28,0
DA:30,0
DA:31,0
DA:34,0
DA:35,0
DA:37,0
DA:45,0
DA:46,0
DA:51,0
DA:52,0
DA:54,0
DA:56,0
DA:57,0
DA:60,0
DA:73,0
DA:74,0
DA:75,0
DA:76,0
DA:80,0
DA:82,0
DA:88,0
DA:89,0
DA:90,0
DA:94,0
DA:97,0
DA:99,0
DA:105,0
DA:106,0
DA:107,0
DA:108,0
DA:109,0
DA:113,0
DA:116,0
DA:119,0
DA:120,0
DA:121,0
DA:126,0
DA:128,0
DA:132,0
DA:133,0
DA:202,0
DA:233,0
DA:247,0
DA:275,0
DA:286,0
DA:307,0
DA:321,0
DA:338,0
DA:339,0
DA:345,0
DA:372,0
DA:373,0
DA:379,0
LF:72
LH:0
BRDA:22,0,0,0
BRDA:22,0,1,0
BRDA:26,1,0,0
BRDA:26,1,1,0
BRDA:41,2,0,0
BRDA:41,2,1,0
BRDA:45,3,0,0
BRDA:45,3,1,0
BRDA:54,4,0,0
BRDA:54,4,1,0
BRDA:73,5,0,0
BRDA:73,5,1,0
BRDA:80,6,0,0
BRDA:80,6,1,0
BRDA:101,7,0,0
BRDA:101,7,1,0
BRDA:105,8,0,0
BRDA:105,8,1,0
BRDA:132,9,0,0
BRDA:132,9,1,0
BRDA:223,10,0,0
BRDA:223,10,1,0
BRDA:332,11,0,0
BRDA:332,11,1,0
BRDA:339,12,0,0
BRDA:339,12,1,0
BRDA:347,13,0,0
BRDA:347,13,1,0
BRDA:349,14,0,0
BRDA:349,14,1,0
BRDA:367,15,0,0
BRDA:367,15,1,0
BRDA:373,16,0,0
BRDA:373,16,1,0
BRDA:375,17,0,0
BRDA:375,17,1,0
BRDA:382,18,0,0
BRDA:382,18,1,0
BRDA:389,19,0,0
BRDA:389,19,1,0
BRDA:399,20,0,0
BRDA:399,20,1,0
BRDA:399,20,2,0
BRDA:399,20,3,0
BRDA:399,20,4,0
BRDA:399,20,5,0
BRDA:402,21,0,0
BRDA:402,21,1,0
BRF:48
BRH:0
end_of_record
TN:
SF:src/pages/Social.tsx
FN:46,(anonymous_0)
FN:62,Social
FN:85,(anonymous_2)
FN:120,(anonymous_3)
FN:124,(anonymous_4)
FN:147,(anonymous_5)
FN:160,(anonymous_6)
FN:166,(anonymous_7)
FN:182,(anonymous_8)
FN:199,(anonymous_9)
FN:200,(anonymous_10)
FN:222,(anonymous_11)
FN:227,(anonymous_12)
FN:247,(anonymous_13)
FN:250,(anonymous_14)
FN:264,(anonymous_15)
FN:274,(anonymous_16)
FN:290,(anonymous_17)
FN:310,(anonymous_18)
FN:314,(anonymous_19)
FN:329,(anonymous_20)
FN:336,(anonymous_21)
FN:379,(anonymous_22)
FN:380,(anonymous_23)
FN:381,(anonymous_24)
FN:382,(anonymous_25)
FN:412,(anonymous_26)
FN:418,(anonymous_27)
FN:424,(anonymous_28)
FN:430,(anonymous_29)
FN:457,(anonymous_30)
FN:466,(anonymous_31)
FN:490,(anonymous_32)
FN:495,(anonymous_33)
FN:506,(anonymous_34)
FN:511,(anonymous_35)
FN:536,(anonymous_36)
FN:539,(anonymous_37)
FN:549,(anonymous_38)
FNF:39
FNH:0
FNDA:0,(anonymous_0)
FNDA:0,Social
FNDA:0,(anonymous_2)
FNDA:0,(anonymous_3)
FNDA:0,(anonymous_4)
FNDA:0,(anonymous_5)
FNDA:0,(anonymous_6)
FNDA:0,(anonymous_7)
FNDA:0,(anonymous_8)
FNDA:0,(anonymous_9)
FNDA:0,(anonymous_10)
FNDA:0,(anonymous_11)
FNDA:0,(anonymous_12)
FNDA:0,(anonymous_13)
FNDA:0,(anonymous_14)
FNDA:0,(anonymous_15)
FNDA:0,(anonymous_16)
FNDA:0,(anonymous_17)
FNDA:0,(anonymous_18)
FNDA:0,(anonymous_19)
FNDA:0,(anonymous_20)
FNDA:0,(anonymous_21)
FNDA:0,(anonymous_22)
FNDA:0,(anonymous_23)
FNDA:0,(anonymous_24)
FNDA:0,(anonymous_25)
FNDA:0,(anonymous_26)
FNDA:0,(anonymous_27)
FNDA:0,(anonymous_28)
FNDA:0,(anonymous_29)
FNDA:0,(anonymous_30)
FNDA:0,(anonymous_31)
FNDA:0,(anonymous_32)
FNDA:0,(anonymous_33)
FNDA:0,(anonymous_34)
FNDA:0,(anonymous_35)
FNDA:0,(anonymous_36)
FNDA:0,(anonymous_37)
FNDA:0,(anonymous_38)
DA:41,0
DA:46,0
DA:50,0
DA:56,0
DA:63,0
DA:64,0
DA:65,0
DA:66,0
DA:69,0
DA:70,0
DA:71,0
DA:72,0
DA:73,0
DA:76,0
DA:79,0
DA:80,0
DA:81,0
DA:82,0
DA:83,0
DA:85,0
DA:86,0
DA:88,0
DA:89,0
DA:90,0
DA:91,0
DA:92,0
DA:95,0
DA:96,0
DA:102,0
DA:103,0
DA:105,0
DA:107,0
DA:108,0
DA:110,0
DA:112,0
DA:114,0
DA:115,0
DA:117,0
DA:120,0
DA:121,0
DA:124,0
DA:125,0
DA:126,0
DA:127,0
DA:129,0
DA:136,0
DA:137,0
DA:139,0
DA:140,0
DA:141,0
DA:142,0
DA:143,0
DA:147,0
DA:148,0
DA:152,0
DA:153,0
DA:155,0
DA:156,0
DA:160,0
DA:161,0
DA:162,0
DA:163,0
DA:166,0
DA:167,0
DA:175,0
DA:176,0
DA:178,0
DA:182,0
DA:183,0
DA:184,0
DA:185,0
DA:186,0
DA:191,0
DA:192,0
DA:194,0
DA:195,0
DA:199,0
DA:200,0
DA:201,0
DA:202,0
DA:205,0
DA:211,0
DA:223,0
DA:224,0
DA:227,0
DA:248,0
DA:250,0
DA:264,0
DA:275,0
DA:276,0
DA:291,0
DA:292,0
DA:293,0
DA:311,0
DA:314,0
DA:329,0
DA:336,0
DA:380,0
DA:381,0
DA:382,0
DA:383,0
DA:412,0
DA:418,0
DA:424,0
DA:430,0
DA:457,0
DA:466,0
DA:490,0
DA:495,0
DA:506,0
DA:511,0
DA:537,0
DA:539,0
DA:550,0
LF:114
LH:0
BRDA:88,0,0,0
BRDA:88,0,1,0
BRDA:102,1,0,0
BRDA:102,1,1,0
BRDA:102,2,0,0
BRDA:102,2,1,0
BRDA:107,3,0,0
BRDA:107,3,1,0
BRDA:107,4,0,0
BRDA:107,4,1,0
BRDA:112,5,0,0
BRDA:112,5,1,0
BRDA:125,6,0,0
BRDA:125,6,1,0
BRDA:132,7,0,0
BRDA:132,7,1,0
BRDA:132,8,0,0
BRDA:132,8,1,0
BRDA:133,9,0,0
BRDA:133,9,1,0
BRDA:136,10,0,0
BRDA:136,10,1,0
BRDA:139,11,0,0
BRDA:139,11,1,0
BRDA:152,12,0,0
BRDA:152,12,1,0
BRDA:175,13,0,0
BRDA:175,13,1,0
BRDA:184,14,0,0
BRDA:184,14,1,0
BRDA:189,15,0,0
BRDA:189,15,1,0
BRDA:191,16,0,0
BRDA:191,16,1,0
BRDA:201,17,0,0
BRDA:201,17,1,0
BRDA:229,18,0,0
BRDA:229,18,1,0
BRDA:242,19,0,0
BRDA:242,19,1,0
BRDA:252,20,0,0
BRDA:252,20,1,0
BRDA:286,21,0,0
BRDA:286,21,1,0
BRDA:288,22,0,0
BRDA:288,22,1,0
BRDA:292,23,0,0
BRDA:292,23,1,0
BRDA:306,24,0,0
BRDA:306,24,1,0
BRDA:319,25,0,0
BRDA:319,25,1,0
BRDA:320,26,0,0
BRDA:320,26,1,0
BRDA:327,27,0,0
BRDA:327,27,1,0
BRDA:344,28,0,0
BRDA:344,28,1,0
BRDA:352,29,0,0
BRDA:352,29,1,0
BRDA:352,29,2,0
BRDA:359,30,0,0
BRDA:359,30,1,0
BRDA:371,31,0,0
BRDA:371,31,1,0
BRDA:373,32,0,0
BRDA:373,32,1,0
BRDA:447,33,0,0
BRDA:447,33,1,0
BRDA:547,34,0,0
BRDA:547,34,1,0
BRDA:552,35,0,0
BRDA:552,35,1,0
BRF:73
BRH:0
end_of_record
TN:
SF:src/pages/Tasks.tsx
FN:41,Tasks
FN:49,(anonymous_1)
FN:50,(anonymous_2)
FN:79,(anonymous_3)
FN:113,(anonymous_4)
FN:118,(anonymous_5)
FN:119,(anonymous_6)
FN:126,(anonymous_7)
FN:126,(anonymous_8)
FN:140,(anonymous_9)
FN:140,(anonymous_10)
FN:145,(anonymous_11)
FN:148,(anonymous_12)
FN:148,(anonymous_13)
FN:167,(anonymous_14)
FN:170,(anonymous_15)
FN:171,(anonymous_16)
FN:172,(anonymous_17)
FN:181,(anonymous_18)
FN:208,(anonymous_19)
FN:211,(anonymous_20)
FN:226,(anonymous_21)
FN:227,(anonymous_22)
FN:250,(anonymous_23)
FN:255,(anonymous_24)
FN:280,(anonymous_25)
FNF:26
FNH:0
FNDA:0,Tasks
FNDA:0,(anonymous_1)
FNDA:0,(anonymous_2)
FNDA:0,(anonymous_3)
FNDA:0,(anonymous_4)
FNDA:0,(anonymous_5)
FNDA:0,(anonymous_6)
FNDA:0,(anonymous_7)
FNDA:0,(anonymous_8)
FNDA:0,(anonymous_9)
FNDA:0,(anonymous_10)
FNDA:0,(anonymous_11)
FNDA:0,(anonymous_12)
FNDA:0,(anonymous_13)
FNDA:0,(anonymous_14)
FNDA:0,(anonymous_15)
FNDA:0,(anonymous_16)
FNDA:0,(anonymous_17)
FNDA:0,(anonymous_18)
FNDA:0,(anonymous_19)
FNDA:0,(anonymous_20)
FNDA:0,(anonymous_21)
FNDA:0,(anonymous_22)
FNDA:0,(anonymous_23)
FNDA:0,(anonymous_24)
FNDA:0,(anonymous_25)
DA:20,0
DA:29,0
DA:35,0
DA:42,0
DA:43,0
DA:44,0
DA:45,0
DA:46,0
DA:47,0
DA:49,0
DA:50,0
DA:51,0
DA:53,0
DA:54,0
DA:55,0
DA:56,0
DA:59,0
DA:60,0
DA:66,0
DA:67,0
DA:69,0
DA:70,0
DA:72,0
DA:76,0
DA:79,0
DA:80,0
DA:82,0
DA:92,0
DA:93,0
DA:94,0
DA:105,0
DA:107,0
DA:108,0
DA:109,0
DA:113,0
DA:114,0
DA:115,0
DA:118,0
DA:119,0
DA:120,0
DA:122,0
DA:123,0
DA:124,0
DA:126,0
DA:128,0
DA:129,0
DA:130,0
DA:136,0
DA:138,0
DA:139,0
DA:140,0
DA:145,0
DA:146,0
DA:148,0
DA:150,0
DA:151,0
DA:152,0
DA:158,0
DA:159,0
DA:161,0
DA:162,0
DA:167,0
DA:168,0
DA:170,0
DA:171,0
DA:172,0
DA:175,0
DA:176,0
DA:182,0
DA:191,0
DA:209,0
DA:211,0
DA:226,0
DA:227,0
DA:251,0
DA:252,0
DA:255,0
DA:280,0
LF:78
LH:0
BRDA:53,0,0,0
BRDA:53,0,1,0
BRDA:53,1,0,0
BRDA:53,1,1,0
BRDA:66,2,0,0
BRDA:66,2,1,0
BRDA:67,3,0,0
BRDA:67,3,1,0
BRDA:80,4,0,0
BRDA:80,4,1,0
BRDA:92,5,0,0
BRDA:92,5,1,0
BRDA:92,6,0,0
BRDA:92,6,1,0
BRDA:105,7,0,0
BRDA:105,7,1,0
BRDA:120,8,0,0
BRDA:120,8,1,0
BRDA:126,9,0,0
BRDA:126,9,1,0
BRDA:128,10,0,0
BRDA:128,10,1,0
BRDA:128,11,0,0
BRDA:128,11,1,0
BRDA:136,12,0,0
BRDA:136,12,1,0
BRDA:140,13,0,0
BRDA:140,13,1,0
BRDA:146,14,0,0
BRDA:146,14,1,0
BRDA:150,15,0,0
BRDA:150,15,1,0
BRDA:150,16,0,0
BRDA:150,16,1,0
BRDA:158,17,0,0
BRDA:158,17,1,0
BRDA:167,18,0,0
BRDA:167,18,1,0
BRDA:175,19,0,0
BRDA:175,19,1,0
BRDA:193,20,0,0
BRDA:193,20,1,0
BRDA:213,21,0,0
BRDA:213,21,1,0
BRDA:227,22,0,0
BRDA:227,22,1,0
BRDA:243,23,0,0
BRDA:243,23,1,0
BRDA:258,24,0,0
BRDA:258,24,1,0
BRDA:260,25,0,0
BRDA:260,25,1,0
BRDA:263,26,0,0
BRDA:263,26,1,0
BRDA:265,27,0,0
BRDA:265,27,1,0
BRDA:266,28,0,0
BRDA:266,28,1,0
BRDA:269,29,0,0
BRDA:269,29,1,0
BRF:60
BRH:0
end_of_record
TN:
SF:src/pages/Terms.tsx
FN:4,Terms
FNF:1
FNH:0
FNDA:0,Terms
DA:5,0
LF:1
LH:0
BRF:0
BRH:0
end_of_record
TN:
SF:src/pages/Tickets.tsx
FN:72,Tickets
FN:91,(anonymous_1)
FN:109,(anonymous_2)
FN:112,(anonymous_3)
FN:128,(anonymous_4)
FN:132,(anonymous_5)
FN:142,(anonymous_6)
FN:169,(anonymous_7)
FN:194,(anonymous_8)
FN:203,(anonymous_9)
FN:208,(anonymous_10)
FN:213,(anonymous_11)
FN:220,(anonymous_12)
FN:221,(anonymous_13)
FN:222,(anonymous_14)
FN:223,(anonymous_15)
FN:235,(anonymous_16)
FN:245,(anonymous_17)
FN:257,(anonymous_18)
FN:260,(anonymous_19)
FN:277,(anonymous_20)
FN:287,(anonymous_21)
FN:292,(anonymous_22)
FN:324,(anonymous_23)
FN:338,(anonymous_24)
FN:341,(anonymous_25)
FN:370,(anonymous_26)
FN:405,(anonymous_27)
FN:409,(anonymous_28)
FN:420,(anonymous_29)
FN:455,(anonymous_30)
FN:464,(anonymous_31)
FN:473,(anonymous_32)
FN:484,(anonymous_33)
FN:497,(anonymous_34)
FN:512,(anonymous_35)
FNF:36
FNH:0
FNDA:0,Tickets
FNDA:0,(anonymous_1)
FNDA:0,(anonymous_2)
FNDA:0,(anonymous_3)
FNDA:0,(anonymous_4)
FNDA:0,(anonymous_5)
FNDA:0,(anonymous_6)
FNDA:0,(anonymous_7)
FNDA:0,(anonymous_8)
FNDA:0,(anonymous_9)
FNDA:0,(anonymous_10)
FNDA:0,(anonymous_11)
FNDA:0,(anonymous_12)
FNDA:0,(anonymous_13)
FNDA:0,(anonymous_14)
FNDA:0,(anonymous_15)
FNDA:0,(anonymous_16)
FNDA:0,(anonymous_17)
FNDA:0,(anonymous_18)
FNDA:0,(anonymous_19)
FNDA:0,(anonymous_20)
FNDA:0,(anonymous_21)
FNDA:0,(anonymous_22)
FNDA:0,(anonymous_23)
FNDA:0,(anonymous_24)
FNDA:0,(anonymous_25)
FNDA:0,(anonymous_26)
FNDA:0,(anonymous_27)
FNDA:0,(anonymous_28)
FNDA:0,(anonymous_29)
FNDA:0,(anonymous_30)
FNDA:0,(anonymous_31)
FNDA:0,(anonymous_32)
FNDA:0,(anonymous_33)
FNDA:0,(anonymous_34)
FNDA:0,(anonymous_35)
DA:44,0
DA:52,0
DA:60,0
DA:67,0
DA:73,0
DA:74,0
DA:75,0
DA:76,0
DA:77,0
DA:78,0
DA:79,0
DA:80,0
DA:81,0
DA:82,0
DA:83,0
DA:84,0
DA:85,0
DA:86,0
DA:87,0
DA:88,0
DA:89,0
DA:91,0
DA:92,0
DA:94,0
DA:95,0
DA:96,0
DA:97,0
DA:98,0
DA:101,0
DA:102,0
DA:108,0
DA:109,0
DA:111,0
DA:112,0
DA:116,0
DA:118,0
DA:120,0
DA:122,0
DA:123,0
DA:125,0
DA:128,0
DA:129,0
DA:132,0
DA:133,0
DA:134,0
DA:139,0
DA:142,0
DA:143,0
DA:144,0
DA:145,0
DA:147,0
DA:156,0
DA:157,0
DA:159,0
DA:160,0
DA:161,0
DA:162,0
DA:163,0
DA:164,0
DA:165,0
DA:169,0
DA:170,0
DA:171,0
DA:179,0
DA:180,0
DA:182,0
DA:183,0
DA:184,0
DA:186,0
DA:187,0
DA:188,0
DA:189,0
DA:194,0
DA:195,0
DA:196,0
DA:197,0
DA:198,0
DA:200,0
DA:203,0
DA:204,0
DA:205,0
DA:206,0
DA:207,0
DA:208,0
DA:209,0
DA:213,0
DA:214,0
DA:215,0
DA:216,0
DA:219,0
DA:220,0
DA:221,0
DA:222,0
DA:223,0
DA:226,0
DA:235,0
DA:245,0
DA:258,0
DA:260,0
DA:278,0
DA:288,0
DA:289,0
DA:292,0
DA:324,0
DA:338,0
DA:342,0
DA:371,0
DA:405,0
DA:410,0
DA:420,0
DA:455,0
DA:464,0
DA:473,0
DA:484,0
DA:497,0
DA:512,0
LF:116
LH:0
BRDA:94,0,0,0
BRDA:94,0,1,0
BRDA:109,1,0,0
BRDA:109,1,1,0
BRDA:109,2,0,0
BRDA:109,2,1,0
BRDA:111,3,0,0
BRDA:111,3,1,0
BRDA:111,4,0,0
BRDA:111,4,1,0
BRDA:114,5,0,0
BRDA:114,5,1,0
BRDA:120,6,0,0
BRDA:120,6,1,0
BRDA:139,7,0,0
BRDA:139,7,1,0
BRDA:143,8,0,0
BRDA:143,8,1,0
BRDA:151,9,0,0
BRDA:151,9,1,0
BRDA:152,10,0,0
BRDA:152,10,1,0
BRDA:152,10,2,0
BRDA:153,11,0,0
BRDA:153,11,1,0
BRDA:156,12,0,0
BRDA:156,12,1,0
BRDA:170,13,0,0
BRDA:170,13,1,0
BRDA:170,14,0,0
BRDA:170,14,1,0
BRDA:175,15,0,0
BRDA:175,15,1,0
BRDA:175,15,2,0
BRDA:179,16,0,0
BRDA:179,16,1,0
BRDA:186,17,0,0
BRDA:186,17,1,0
BRDA:195,18,0,0
BRDA:195,18,1,0
BRDA:197,19,0,0
BRDA:197,19,1,0
BRDA:207,20,0,0
BRDA:207,20,1,0
BRDA:209,21,0,0
BRDA:209,21,1,0
BRDA:214,22,0,0
BRDA:214,22,1,0
BRDA:214,23,0,0
BRDA:214,23,1,0
BRDA:215,24,0,0
BRDA:215,24,1,0
BRDA:215,25,0,0
BRDA:215,25,1,0
BRDA:222,26,0,0
BRDA:222,26,1,0
BRDA:223,27,0,0
BRDA:223,27,1,0
BRDA:229,28,0,0
BRDA:229,28,1,0
BRDA:262,29,0,0
BRDA:262,29,1,0
BRDA:275,30,0,0
BRDA:275,30,1,0
BRDA:281,31,0,0
BRDA:281,31,1,0
BRDA:294,32,0,0
BRDA:294,32,1,0
BRDA:303,33,0,0
BRDA:303,33,1,0
BRDA:309,34,0,0
BRDA:309,34,1,0
BRDA:319,35,0,0
BRDA:319,35,1,0
BRDA:332,36,0,0
BRDA:332,36,1,0
BRDA:354,37,0,0
BRDA:354,37,1,0
BRDA:357,38,0,0
BRDA:357,38,1,0
BRDA:374,39,0,0
BRDA:374,39,1,0
BRDA:381,40,0,0
BRDA:381,40,1,0
BRDA:383,41,0,0
BRDA:383,41,1,0
BRDA:388,42,0,0
BRDA:388,42,1,0
BRDA:410,43,0,0
BRDA:410,43,1,0
BRDA:410,44,0,0
BRDA:410,44,1,0
BRDA:450,45,0,0
BRDA:450,45,1,0
BRF:94
BRH:0
end_of_record
TN:
SF:src/pages/TimeTracking.tsx
FN:52,TimeTracking
FN:82,getWeekStart
FN:90,formatElapsed
FN:97,loadData
FN:152,(anonymous_4)
FN:157,(anonymous_5)
FN:159,(anonymous_6)
FN:163,(anonymous_7)
FN:166,handleStart
FN:180,handleStop
FN:194,handleAddManual
FN:216,handleRequestTimeOff
FN:240,deleteEntry
FN:247,(anonymous_13)
FN:249,(anonymous_14)
FN:253,(anonymous_15)
FN:264,(anonymous_16)
FN:271,(anonymous_17)
FN:318,(anonymous_18)
FN:328,(anonymous_19)
FN:337,(anonymous_20)
FN:394,(anonymous_21)
FN:438,(anonymous_22)
FN:448,(anonymous_23)
FN:458,(anonymous_24)
FN:467,(anonymous_25)
FN:476,(anonymous_26)
FN:483,(anonymous_27)
FN:505,(anonymous_28)
FN:510,(anonymous_29)
FN:530,(anonymous_30)
FN:539,(anonymous_31)
FN:548,(anonymous_32)
FN:556,(anonymous_33)
FNF:34
FNH:0
FNDA:0,TimeTracking
FNDA:0,getWeekStart
FNDA:0,formatElapsed
FNDA:0,loadData
FNDA:0,(anonymous_4)
FNDA:0,(anonymous_5)
FNDA:0,(anonymous_6)
FNDA:0,(anonymous_7)
FNDA:0,handleStart
FNDA:0,handleStop
FNDA:0,handleAddManual
FNDA:0,handleRequestTimeOff
FNDA:0,deleteEntry
FNDA:0,(anonymous_13)
FNDA:0,(anonymous_14)
FNDA:0,(anonymous_15)
FNDA:0,(anonymous_16)
FNDA:0,(anonymous_17)
FNDA:0,(anonymous_18)
FNDA:0,(anonymous_19)
FNDA:0,(anonymous_20)
FNDA:0,(anonymous_21)
FNDA:0,(anonymous_22)
FNDA:0,(anonymous_23)
FNDA:0,(anonymous_24)
FNDA:0,(anonymous_25)
FNDA:0,(anonymous_26)
FNDA:0,(anonymous_27)
FNDA:0,(anonymous_28)
FNDA:0,(anonymous_29)
FNDA:0,(anonymous_30)
FNDA:0,(anonymous_31)
FNDA:0,(anonymous_32)
FNDA:0,(anonymous_33)
DA:32,0
DA:33,0
DA:41,0
DA:48,0
DA:53,0
DA:54,0
DA:55,0
DA:56,0
DA:57,0
DA:58,0
DA:59,0
DA:60,0
DA:61,0
DA:62,0
DA:63,0
DA:66,0
DA:75,0
DA:83,0
DA:84,0
DA:85,0
DA:86,0
DA:87,0
DA:91,0
DA:92,0
DA:93,0
DA:94,0
DA:98,0
DA:101,0
DA:102,0
DA:103,0
DA:104,0
DA:105,0
DA:108,0
DA:110,0
DA:111,0
DA:112,0
DA:113,0
DA:114,0
DA:118,0
DA:119,0
DA:121,0
DA:129,0
DA:130,0
DA:134,0
DA:142,0
DA:143,0
DA:146,0
DA:147,0
DA:149,0
DA:152,0
DA:153,0
DA:157,0
DA:158,0
DA:159,0
DA:160,0
DA:161,0
DA:163,0
DA:167,0
DA:168,0
DA:171,0
DA:172,0
DA:174,0
DA:175,0
DA:177,0
DA:181,0
DA:182,0
DA:183,0
DA:184,0
DA:186,0
DA:187,0
DA:188,0
DA:189,0
DA:191,0
DA:195,0
DA:196,0
DA:197,0
DA:199,0
DA:206,0
DA:207,0
DA:209,0
DA:210,0
DA:211,0
DA:213,0
DA:217,0
DA:218,0
DA:219,0
DA:222,0
DA:223,0
DA:230,0
DA:231,0
DA:233,0
DA:234,0
DA:235,0
DA:237,0
DA:241,0
DA:242,0
DA:243,0
DA:244,0
DA:247,0
DA:248,0
DA:249,0
DA:250,0
DA:253,0
DA:255,0
DA:264,0
DA:271,0
DA:318,0
DA:328,0
DA:338,0
DA:395,0
DA:438,0
DA:448,0
DA:458,0
DA:467,0
DA:476,0
DA:483,0
DA:506,0
DA:507,0
DA:510,0
DA:530,0
DA:539,0
DA:548,0
DA:556,0
LF:123
LH:0
BRDA:101,0,0,0
BRDA:101,0,1,0
BRDA:101,1,0,0
BRDA:101,1,1,0
BRDA:111,2,0,0
BRDA:111,2,1,0
BRDA:111,3,0,0
BRDA:111,3,1,0
BRDA:129,4,0,0
BRDA:129,4,1,0
BRDA:129,5,0,0
BRDA:129,5,1,0
BRDA:142,6,0,0
BRDA:142,6,1,0
BRDA:158,7,0,0
BRDA:158,7,1,0
BRDA:171,8,0,0
BRDA:171,8,1,0
BRDA:183,9,0,0
BRDA:183,9,1,0
BRDA:206,10,0,0
BRDA:206,10,1,0
BRDA:217,11,0,0
BRDA:217,11,1,0
BRDA:217,12,0,0
BRDA:217,12,1,0
BRDA:227,13,0,0
BRDA:227,13,1,0
BRDA:230,14,0,0
BRDA:230,14,1,0
BRDA:241,15,0,0
BRDA:241,15,1,0
BRDA:287,16,0,0
BRDA:287,16,1,0
BRDA:307,17,0,0
BRDA:307,17,1,0
BRDA:309,18,0,0
BRDA:309,18,1,0
BRDA:341,19,0,0
BRDA:341,19,1,0
BRDA:344,20,0,0
BRDA:344,20,1,0
BRDA:348,21,0,0
BRDA:348,21,1,0
BRDA:349,22,0,0
BRDA:349,22,1,0
BRDA:351,23,0,0
BRDA:351,23,1,0
BRDA:352,24,0,0
BRDA:352,24,1,0
BRDA:388,25,0,0
BRDA:388,25,1,0
BRDA:402,26,0,0
BRDA:402,26,1,0
BRDA:406,27,0,0
BRDA:406,27,1,0
BRDA:412,28,0,0
BRDA:412,28,1,0
BRDA:415,29,0,0
BRDA:415,29,1,0
BRDA:417,30,0,0
BRDA:417,30,1,0
BRDA:427,31,0,0
BRDA:427,31,1,0
BRDA:487,32,0,0
BRDA:487,32,1,0
BRDA:495,33,0,0
BRDA:495,33,1,0
BRDA:512,34,0,0
BRDA:512,34,1,0
BRDA:560,35,0,0
BRDA:560,35,1,0
BRF:72
BRH:0
end_of_record
TN:
SF:src/pages/UpdatePassword.tsx
FN:5,UpdatePassword
FN:16,(anonymous_1)
FN:29,(anonymous_2)
FN:66,(anonymous_3)
FN:113,(anonymous_4)
FN:121,(anonymous_5)
FN:148,(anonymous_6)
FN:156,(anonymous_7)
FNF:8
FNH:0
FNDA:0,UpdatePassword
FNDA:0,(anonymous_1)
FNDA:0,(anonymous_2)
FNDA:0,(anonymous_3)
FNDA:0,(anonymous_4)
FNDA:0,(anonymous_5)
FNDA:0,(anonymous_6)
FNDA:0,(anonymous_7)
DA:6,0
DA:7,0
DA:8,0
DA:9,0
DA:10,0
DA:11,0
DA:12,0
DA:13,0
DA:14,0
DA:16,0
DA:17,0
DA:18,0
DA:19,0
DA:21,0
DA:22,0
DA:23,0
DA:25,0
DA:26,0
DA:29,0
DA:30,0
DA:32,0
DA:34,0
DA:35,0
DA:37,0
DA:41,0
DA:42,0
DA:43,0
DA:45,0
DA:46,0
DA:50,0
DA:51,0
DA:66,0
DA:76,0
DA:114,0
DA:115,0
DA:121,0
DA:149,0
DA:150,0
DA:156,0
LF:39
LH:0
BRDA:17,0,0,0
BRDA:17,0,1,0
BRDA:21,1,0,0
BRDA:21,1,1,0
BRDA:32,2,0,0
BRDA:32,2,1,0
BRDA:41,3,0,0
BRDA:41,3,1,0
BRDA:50,4,0,0
BRDA:50,4,1,0
BRDA:89,5,0,0
BRDA:89,5,1,0
BRDA:95,6,0,0
BRDA:95,6,1,0
BRDA:108,7,0,0
BRDA:108,7,1,0
BRDA:115,8,0,0
BRDA:115,8,1,0
BRDA:124,9,0,0
BRDA:124,9,1,0
BRDA:144,10,0,0
BRDA:144,10,1,0
BRDA:150,11,0,0
BRDA:150,11,1,0
BRDA:159,12,0,0
BRDA:159,12,1,0
BRDA:175,13,0,0
BRDA:175,13,1,0
BRDA:175,13,2,0
BRDA:178,14,0,0
BRDA:178,14,1,0
BRF:31
BRH:0
end_of_record
